<?xml version="1.0" encoding="UTF-8"?>
<coverage generated="1490291780449" clover="3.2.0">
  <project timestamp="1490291780450" name="All files">
    <metrics statements="393" coveredstatements="319" conditionals="72" coveredconditionals="49" methods="163" coveredmethods="121" elements="628" coveredelements="489" complexity="0" loc="393" ncloc="393" packages="13" files="37" classes="37">
      <package name="src">
        <metrics statements="3" coveredstatements="3" conditionals="0" coveredconditionals="0" methods="0" coveredmethods="0"/>
        <file name="constants.js" path="/home/vasi/prog/js/react/best-bs/src/constants.js">
          <metrics statements="3" coveredstatements="3" conditionals="0" coveredconditionals="0" methods="0" coveredmethods="0"/>
          <line num="1" count="37" type="stmt"/>
          <line num="42" count="37" type="stmt"/>
          <line num="46" count="37" type="stmt"/>
        </file>
      </package>
      <package name="src.actions">
        <metrics statements="178" coveredstatements="134" conditionals="38" coveredconditionals="22" methods="82" coveredmethods="61"/>
        <file name="DocActions.js" path="/home/vasi/prog/js/react/best-bs/src/actions/DocActions.js">
          <metrics statements="62" coveredstatements="40" conditionals="16" coveredconditionals="8" methods="24" coveredmethods="13"/>
          <line num="11" count="4" type="stmt"/>
          <line num="12" count="3" type="stmt"/>
          <line num="13" count="3" type="stmt"/>
          <line num="14" count="2" type="stmt"/>
          <line num="15" count="2" type="stmt"/>
          <line num="16" count="1" type="stmt"/>
          <line num="17" count="1" type="stmt"/>
          <line num="18" count="1" type="stmt"/>
          <line num="22" count="3" type="stmt"/>
          <line num="23" count="2" type="stmt"/>
          <line num="29" count="2" type="stmt"/>
          <line num="32" count="3" type="stmt"/>
          <line num="33" count="3" type="stmt"/>
          <line num="45" count="4" type="stmt"/>
          <line num="46" count="1" type="stmt"/>
          <line num="47" count="1" type="stmt"/>
          <line num="50" count="1" type="stmt"/>
          <line num="51" count="1" type="stmt"/>
          <line num="60" count="1" type="stmt"/>
          <line num="62" count="1" type="stmt"/>
          <line num="63" count="0" type="stmt"/>
          <line num="67" count="1" type="stmt"/>
          <line num="71" count="1" type="stmt"/>
          <line num="76" count="0" type="stmt"/>
          <line num="81" count="4" type="stmt"/>
          <line num="82" count="1" type="stmt"/>
          <line num="83" count="1" type="stmt"/>
          <line num="86" count="1" type="stmt"/>
          <line num="87" count="1" type="stmt"/>
          <line num="96" count="1" type="stmt"/>
          <line num="98" count="1" type="stmt"/>
          <line num="99" count="0" type="stmt"/>
          <line num="103" count="1" type="stmt"/>
          <line num="107" count="1" type="stmt"/>
          <line num="111" count="0" type="stmt"/>
          <line num="116" count="4" type="stmt"/>
          <line num="117" count="1" type="stmt"/>
          <line num="118" count="1" type="stmt"/>
          <line num="119" count="1" type="stmt"/>
          <line num="122" count="1" type="stmt"/>
          <line num="131" count="1" type="stmt"/>
          <line num="134" count="1" type="stmt"/>
          <line num="138" count="1" type="stmt"/>
          <line num="142" count="0" type="stmt"/>
          <line num="147" count="4" type="stmt"/>
          <line num="148" count="0" type="stmt"/>
          <line num="149" count="0" type="stmt"/>
          <line num="150" count="0" type="stmt"/>
          <line num="158" count="0" type="stmt"/>
          <line num="160" count="0" type="stmt"/>
          <line num="161" count="0" type="stmt"/>
          <line num="165" count="0" type="stmt"/>
          <line num="169" count="0" type="stmt"/>
          <line num="171" count="0" type="stmt"/>
          <line num="173" count="0" type="stmt"/>
          <line num="181" count="0" type="stmt"/>
          <line num="184" count="0" type="stmt"/>
          <line num="186" count="0" type="stmt"/>
          <line num="187" count="0" type="stmt"/>
          <line num="188" count="0" type="stmt"/>
          <line num="190" count="0" type="stmt"/>
          <line num="191" count="0" type="stmt"/>
        </file>
        <file name="DocsActions.js" path="/home/vasi/prog/js/react/best-bs/src/actions/DocsActions.js">
          <metrics statements="27" coveredstatements="23" conditionals="8" coveredconditionals="4" methods="11" coveredmethods="9"/>
          <line num="8" count="1" type="stmt"/>
          <line num="9" count="1" type="stmt"/>
          <line num="11" count="1" type="stmt"/>
          <line num="14" count="1" type="stmt"/>
          <line num="16" count="1" type="stmt"/>
          <line num="25" count="1" type="stmt"/>
          <line num="27" count="1" type="stmt"/>
          <line num="28" count="0" type="stmt"/>
          <line num="31" count="1" type="stmt"/>
          <line num="32" count="2" type="stmt"/>
          <line num="33" count="2" type="stmt"/>
          <line num="38" count="1" type="stmt"/>
          <line num="46" count="1" type="stmt"/>
          <line num="50" count="0" type="stmt"/>
          <line num="55" count="1" type="stmt"/>
          <line num="56" count="1" type="stmt"/>
          <line num="58" count="1" type="stmt"/>
          <line num="61" count="1" type="stmt"/>
          <line num="63" count="1" type="stmt"/>
          <line num="72" count="1" type="stmt"/>
          <line num="74" count="1" type="stmt"/>
          <line num="75" count="0" type="stmt"/>
          <line num="78" count="1" type="stmt"/>
          <line num="80" count="1" type="stmt"/>
          <line num="85" count="1" type="stmt"/>
          <line num="89" count="1" type="stmt"/>
          <line num="91" count="0" type="stmt"/>
        </file>
        <file name="GroupTActions.js" path="/home/vasi/prog/js/react/best-bs/src/actions/GroupTActions.js">
          <metrics statements="16" coveredstatements="14" conditionals="6" coveredconditionals="4" methods="10" coveredmethods="8"/>
          <line num="11" count="1" type="stmt"/>
          <line num="12" count="1" type="stmt"/>
          <line num="21" count="1" type="stmt"/>
          <line num="23" count="1" type="stmt"/>
          <line num="24" count="1" type="stmt"/>
          <line num="30" count="1" type="stmt"/>
          <line num="32" count="0" type="stmt"/>
          <line num="44" count="2" type="stmt"/>
          <line num="45" count="2" type="stmt"/>
          <line num="46" count="1" type="stmt"/>
          <line num="49" count="1" type="stmt"/>
          <line num="52" count="1" type="stmt"/>
          <line num="61" count="1" type="stmt"/>
          <line num="63" count="1" type="stmt"/>
          <line num="69" count="1" type="stmt"/>
          <line num="73" count="0" type="stmt"/>
        </file>
        <file name="InitVarActions.js" path="/home/vasi/prog/js/react/best-bs/src/actions/InitVarActions.js">
          <metrics statements="7" coveredstatements="6" conditionals="0" coveredconditionals="0" methods="5" coveredmethods="4"/>
          <line num="6" count="1" type="stmt"/>
          <line num="7" count="1" type="stmt"/>
          <line num="10" count="1" type="stmt"/>
          <line num="17" count="1" type="stmt"/>
          <line num="19" count="1" type="stmt"/>
          <line num="23" count="1" type="stmt"/>
          <line num="27" count="0" type="stmt"/>
        </file>
        <file name="ModalActions.js" path="/home/vasi/prog/js/react/best-bs/src/actions/ModalActions.js">
          <metrics statements="9" coveredstatements="9" conditionals="4" coveredconditionals="4" methods="2" coveredmethods="2"/>
          <line num="5" count="3" type="stmt"/>
          <line num="6" count="3" type="stmt"/>
          <line num="7" count="1" type="stmt"/>
          <line num="8" count="1" type="stmt"/>
          <line num="19" count="2" type="stmt"/>
          <line num="20" count="2" type="stmt"/>
          <line num="21" count="1" type="stmt"/>
          <line num="23" count="1" type="stmt"/>
          <line num="26" count="1" type="stmt"/>
        </file>
        <file name="PaymentActions.js" path="/home/vasi/prog/js/react/best-bs/src/actions/PaymentActions.js">
          <metrics statements="37" coveredstatements="24" conditionals="4" coveredconditionals="2" methods="16" coveredmethods="13"/>
          <line num="5" count="3" type="stmt"/>
          <line num="6" count="1" type="stmt"/>
          <line num="7" count="1" type="stmt"/>
          <line num="8" count="1" type="stmt"/>
          <line num="16" count="1" type="stmt"/>
          <line num="18" count="1" type="stmt"/>
          <line num="23" count="0" type="stmt"/>
          <line num="24" count="0" type="stmt"/>
          <line num="25" count="0" type="stmt"/>
          <line num="31" count="3" type="stmt"/>
          <line num="32" count="1" type="stmt"/>
          <line num="33" count="1" type="stmt"/>
          <line num="36" count="1" type="stmt"/>
          <line num="45" count="1" type="stmt"/>
          <line num="48" count="1" type="stmt"/>
          <line num="53" count="0" type="stmt"/>
          <line num="54" count="0" type="stmt"/>
          <line num="55" count="0" type="stmt"/>
          <line num="57" count="0" type="stmt"/>
          <line num="62" count="3" type="stmt"/>
          <line num="63" count="1" type="stmt"/>
          <line num="64" count="1" type="stmt"/>
          <line num="67" count="1" type="stmt"/>
          <line num="68" count="1" type="stmt"/>
          <line num="77" count="1" type="stmt"/>
          <line num="79" count="1" type="stmt"/>
          <line num="80" count="0" type="stmt"/>
          <line num="81" count="0" type="stmt"/>
          <line num="84" count="1" type="stmt"/>
          <line num="85" count="2" type="stmt"/>
          <line num="86" count="2" type="stmt"/>
          <line num="89" count="1" type="stmt"/>
          <line num="96" count="1" type="stmt"/>
          <line num="100" count="0" type="stmt"/>
          <line num="101" count="0" type="stmt"/>
          <line num="102" count="0" type="stmt"/>
          <line num="103" count="0" type="stmt"/>
        </file>
        <file name="PriceActions.js" path="/home/vasi/prog/js/react/best-bs/src/actions/PriceActions.js">
          <metrics statements="18" coveredstatements="16" conditionals="0" coveredconditionals="0" methods="12" coveredmethods="10"/>
          <line num="5" count="1" type="stmt"/>
          <line num="6" count="1" type="stmt"/>
          <line num="9" count="1" type="stmt"/>
          <line num="12" count="1" type="stmt"/>
          <line num="21" count="1" type="stmt"/>
          <line num="24" count="1" type="stmt"/>
          <line num="30" count="1" type="stmt"/>
          <line num="34" count="0" type="stmt"/>
          <line num="41" count="1" type="stmt"/>
          <line num="50" count="1" type="stmt"/>
          <line num="59" count="1" type="stmt"/>
          <line num="60" count="1" type="stmt"/>
          <line num="63" count="1" type="stmt"/>
          <line num="65" count="1" type="stmt"/>
          <line num="74" count="1" type="stmt"/>
          <line num="77" count="1" type="stmt"/>
          <line num="83" count="1" type="stmt"/>
          <line num="87" count="0" type="stmt"/>
        </file>
        <file name="ProgressActions.js" path="/home/vasi/prog/js/react/best-bs/src/actions/ProgressActions.js">
          <metrics statements="2" coveredstatements="2" conditionals="0" coveredconditionals="0" methods="2" coveredmethods="2"/>
          <line num="4" count="1" type="stmt"/>
          <line num="11" count="1" type="stmt"/>
        </file>
      </package>
      <package name="src.components">
        <metrics statements="7" coveredstatements="4" conditionals="2" coveredconditionals="1" methods="2" coveredmethods="1"/>
        <file name="ModalRoot.js" path="/home/vasi/prog/js/react/best-bs/src/components/ModalRoot.js">
          <metrics statements="7" coveredstatements="4" conditionals="2" coveredconditionals="1" methods="2" coveredmethods="1"/>
          <line num="13" count="1" type="stmt"/>
          <line num="14" count="1" type="stmt"/>
          <line num="15" count="1" type="stmt"/>
          <line num="18" count="0" type="stmt"/>
          <line num="19" count="0" type="stmt"/>
          <line num="22" count="1" type="stmt"/>
          <line num="27" count="0" type="stmt"/>
        </file>
      </package>
      <package name="src.components.dlg">
        <metrics statements="33" coveredstatements="30" conditionals="8" coveredconditionals="6" methods="11" coveredmethods="9"/>
        <file name="ADlg.js" path="/home/vasi/prog/js/react/best-bs/src/components/dlg/ADlg.js">
          <metrics statements="11" coveredstatements="11" conditionals="4" coveredconditionals="4" methods="4" coveredmethods="4"/>
          <line num="6" count="124" type="stmt"/>
          <line num="7" count="124" type="stmt"/>
          <line num="8" count="124" type="stmt"/>
          <line num="10" count="124" type="stmt"/>
          <line num="11" count="124" type="stmt"/>
          <line num="15" count="5" type="stmt"/>
          <line num="16" count="5" type="stmt"/>
          <line num="26" count="6" type="stmt"/>
          <line num="30" count="7" type="stmt"/>
          <line num="31" count="7" type="stmt"/>
          <line num="32" count="7" type="stmt"/>
        </file>
        <file name="AWidgetDlg.js" path="/home/vasi/prog/js/react/best-bs/src/components/dlg/AWidgetDlg.js">
          <metrics statements="13" coveredstatements="10" conditionals="4" coveredconditionals="2" methods="5" coveredmethods="3"/>
          <line num="9" count="11" type="stmt"/>
          <line num="10" count="11" type="stmt"/>
          <line num="11" count="11" type="stmt"/>
          <line num="12" count="11" type="stmt"/>
          <line num="13" count="11" type="stmt"/>
          <line num="17" count="0" type="stmt"/>
          <line num="32" count="3" type="stmt"/>
          <line num="33" count="0" type="stmt"/>
          <line num="34" count="0" type="stmt"/>
          <line num="37" count="3" type="stmt"/>
          <line num="38" count="3" type="stmt"/>
          <line num="39" count="3" type="stmt"/>
          <line num="43" count="3" type="stmt"/>
        </file>
        <file name="cancel.js" path="/home/vasi/prog/js/react/best-bs/src/components/dlg/cancel.js">
          <metrics statements="2" coveredstatements="2" conditionals="0" coveredconditionals="0" methods="2" coveredmethods="2"/>
          <line num="4" count="1" type="stmt"/>
          <line num="5" count="1" type="stmt"/>
        </file>
        <file name="mapDlg.js" path="/home/vasi/prog/js/react/best-bs/src/components/dlg/mapDlg.js">
          <metrics statements="7" coveredstatements="7" conditionals="0" coveredconditionals="0" methods="0" coveredmethods="0"/>
          <line num="12" count="20" type="stmt"/>
          <line num="14" count="20" type="stmt"/>
          <line num="15" count="20" type="stmt"/>
          <line num="16" count="20" type="stmt"/>
          <line num="17" count="20" type="stmt"/>
          <line num="18" count="20" type="stmt"/>
          <line num="19" count="20" type="stmt"/>
        </file>
      </package>
      <package name="src.components.dlg.DiscountByGroupT">
        <metrics statements="19" coveredstatements="17" conditionals="0" coveredconditionals="0" methods="9" coveredmethods="7"/>
        <file name="actions.js" path="/home/vasi/prog/js/react/best-bs/src/components/dlg/DiscountByGroupT/actions.js">
          <metrics statements="11" coveredstatements="10" conditionals="0" coveredconditionals="0" methods="5" coveredmethods="4"/>
          <line num="6" count="2" type="stmt"/>
          <line num="7" count="2" type="stmt"/>
          <line num="8" count="2" type="stmt"/>
          <line num="9" count="2" type="stmt"/>
          <line num="10" count="2" type="stmt"/>
          <line num="13" count="2" type="stmt"/>
          <line num="22" count="2" type="stmt"/>
          <line num="24" count="2" type="stmt"/>
          <line num="25" count="2" type="stmt"/>
          <line num="31" count="2" type="stmt"/>
          <line num="33" count="0" type="stmt"/>
        </file>
        <file name="dlg.js" path="/home/vasi/prog/js/react/best-bs/src/components/dlg/DiscountByGroupT/dlg.js">
          <metrics statements="2" coveredstatements="2" conditionals="0" coveredconditionals="0" methods="1" coveredmethods="1"/>
          <line num="12" count="20" type="stmt"/>
          <line num="13" count="20" type="stmt"/>
        </file>
        <file name="widget.js" path="/home/vasi/prog/js/react/best-bs/src/components/dlg/DiscountByGroupT/widget.js">
          <metrics statements="6" coveredstatements="5" conditionals="0" coveredconditionals="0" methods="3" coveredmethods="2"/>
          <line num="11" count="1" type="stmt"/>
          <line num="12" count="1" type="stmt"/>
          <line num="16" count="0" type="stmt"/>
          <line num="20" count="1" type="stmt"/>
          <line num="42" count="21" type="stmt"/>
          <line num="47" count="21" type="stmt"/>
        </file>
      </package>
      <package name="src.components.dlg.DiscountPercent">
        <metrics statements="26" coveredstatements="25" conditionals="2" coveredconditionals="2" methods="10" coveredmethods="9"/>
        <file name="actions.js" path="/home/vasi/prog/js/react/best-bs/src/components/dlg/DiscountPercent/actions.js">
          <metrics statements="13" coveredstatements="12" conditionals="0" coveredconditionals="0" methods="5" coveredmethods="4"/>
          <line num="5" count="20" type="stmt"/>
          <line num="6" count="2" type="stmt"/>
          <line num="7" count="2" type="stmt"/>
          <line num="8" count="2" type="stmt"/>
          <line num="12" count="2" type="stmt"/>
          <line num="13" count="2" type="stmt"/>
          <line num="14" count="2" type="stmt"/>
          <line num="18" count="2" type="stmt"/>
          <line num="27" count="2" type="stmt"/>
          <line num="29" count="2" type="stmt"/>
          <line num="30" count="2" type="stmt"/>
          <line num="36" count="2" type="stmt"/>
          <line num="38" count="0" type="stmt"/>
        </file>
        <file name="dlg.js" path="/home/vasi/prog/js/react/best-bs/src/components/dlg/DiscountPercent/dlg.js">
          <metrics statements="1" coveredstatements="1" conditionals="0" coveredconditionals="0" methods="1" coveredmethods="1"/>
          <line num="12" count="20" type="stmt"/>
        </file>
        <file name="widget.js" path="/home/vasi/prog/js/react/best-bs/src/components/dlg/DiscountPercent/widget.js">
          <metrics statements="12" coveredstatements="12" conditionals="2" coveredconditionals="2" methods="4" coveredmethods="4"/>
          <line num="13" count="4" type="stmt"/>
          <line num="14" count="4" type="stmt"/>
          <line num="17" count="4" type="stmt"/>
          <line num="18" count="4" type="stmt"/>
          <line num="22" count="1" type="stmt"/>
          <line num="26" count="4" type="stmt"/>
          <line num="27" count="3" type="stmt"/>
          <line num="28" count="3" type="stmt"/>
          <line num="29" count="3" type="stmt"/>
          <line num="34" count="4" type="stmt"/>
          <line num="68" count="22" type="stmt"/>
          <line num="73" count="22" type="stmt"/>
        </file>
      </package>
      <package name="src.components.dlg.DiscountPercentOnTovar">
        <metrics statements="26" coveredstatements="14" conditionals="0" coveredconditionals="0" methods="13" coveredmethods="5"/>
        <file name="actions.js" path="/home/vasi/prog/js/react/best-bs/src/components/dlg/DiscountPercentOnTovar/actions.js">
          <metrics statements="12" coveredstatements="11" conditionals="0" coveredconditionals="0" methods="5" coveredmethods="4"/>
          <line num="5" count="20" type="stmt"/>
          <line num="6" count="2" type="stmt"/>
          <line num="7" count="2" type="stmt"/>
          <line num="8" count="2" type="stmt"/>
          <line num="10" count="2" type="stmt"/>
          <line num="11" count="2" type="stmt"/>
          <line num="14" count="2" type="stmt"/>
          <line num="23" count="2" type="stmt"/>
          <line num="25" count="2" type="stmt"/>
          <line num="26" count="2" type="stmt"/>
          <line num="32" count="2" type="stmt"/>
          <line num="34" count="0" type="stmt"/>
        </file>
        <file name="dlg.js" path="/home/vasi/prog/js/react/best-bs/src/components/dlg/DiscountPercentOnTovar/dlg.js">
          <metrics statements="1" coveredstatements="1" conditionals="0" coveredconditionals="0" methods="1" coveredmethods="1"/>
          <line num="12" count="20" type="stmt"/>
        </file>
        <file name="widget.js" path="/home/vasi/prog/js/react/best-bs/src/components/dlg/DiscountPercentOnTovar/widget.js">
          <metrics statements="13" coveredstatements="2" conditionals="0" coveredconditionals="0" methods="7" coveredmethods="0"/>
          <line num="11" count="0" type="stmt"/>
          <line num="12" count="0" type="stmt"/>
          <line num="13" count="0" type="stmt"/>
          <line num="14" count="0" type="stmt"/>
          <line num="18" count="0" type="stmt"/>
          <line num="27" count="0" type="stmt"/>
          <line num="28" count="0" type="stmt"/>
          <line num="33" count="0" type="stmt"/>
          <line num="37" count="0" type="stmt"/>
          <line num="50" count="0" type="stmt"/>
          <line num="57" count="0" type="stmt"/>
          <line num="77" count="20" type="stmt"/>
          <line num="82" count="20" type="stmt"/>
        </file>
      </package>
      <package name="src.components.dlg.DiscountSumma">
        <metrics statements="26" coveredstatements="25" conditionals="2" coveredconditionals="1" methods="10" coveredmethods="9"/>
        <file name="actions.js" path="/home/vasi/prog/js/react/best-bs/src/components/dlg/DiscountSumma/actions.js">
          <metrics statements="13" coveredstatements="12" conditionals="0" coveredconditionals="0" methods="5" coveredmethods="4"/>
          <line num="12" count="20" type="stmt"/>
          <line num="13" count="2" type="stmt"/>
          <line num="14" count="2" type="stmt"/>
          <line num="15" count="2" type="stmt"/>
          <line num="19" count="2" type="stmt"/>
          <line num="20" count="2" type="stmt"/>
          <line num="21" count="2" type="stmt"/>
          <line num="25" count="2" type="stmt"/>
          <line num="34" count="2" type="stmt"/>
          <line num="36" count="2" type="stmt"/>
          <line num="37" count="2" type="stmt"/>
          <line num="43" count="2" type="stmt"/>
          <line num="45" count="0" type="stmt"/>
        </file>
        <file name="dlg.js" path="/home/vasi/prog/js/react/best-bs/src/components/dlg/DiscountSumma/dlg.js">
          <metrics statements="1" coveredstatements="1" conditionals="0" coveredconditionals="0" methods="1" coveredmethods="1"/>
          <line num="12" count="20" type="stmt"/>
        </file>
        <file name="widget.js" path="/home/vasi/prog/js/react/best-bs/src/components/dlg/DiscountSumma/widget.js">
          <metrics statements="12" coveredstatements="12" conditionals="2" coveredconditionals="1" methods="4" coveredmethods="4"/>
          <line num="12" count="3" type="stmt"/>
          <line num="13" count="3" type="stmt"/>
          <line num="16" count="3" type="stmt"/>
          <line num="17" count="3" type="stmt"/>
          <line num="21" count="1" type="stmt"/>
          <line num="25" count="3" type="stmt"/>
          <line num="26" count="3" type="stmt"/>
          <line num="27" count="3" type="stmt"/>
          <line num="28" count="3" type="stmt"/>
          <line num="33" count="3" type="stmt"/>
          <line num="64" count="21" type="stmt"/>
          <line num="69" count="21" type="stmt"/>
        </file>
      </package>
      <package name="src.components.dlg.MessageError">
        <metrics statements="12" coveredstatements="6" conditionals="0" coveredconditionals="0" methods="7" coveredmethods="2"/>
        <file name="dlg.js" path="/home/vasi/prog/js/react/best-bs/src/components/dlg/MessageError/dlg.js">
          <metrics statements="4" coveredstatements="4" conditionals="0" coveredconditionals="0" methods="2" coveredmethods="2"/>
          <line num="11" count="21" type="stmt"/>
          <line num="12" count="21" type="stmt"/>
          <line num="16" count="1" type="stmt"/>
          <line num="17" count="1" type="stmt"/>
        </file>
        <file name="widget.js" path="/home/vasi/prog/js/react/best-bs/src/components/dlg/MessageError/widget.js">
          <metrics statements="8" coveredstatements="2" conditionals="0" coveredconditionals="0" methods="5" coveredmethods="0"/>
          <line num="11" count="0" type="stmt"/>
          <line num="12" count="0" type="stmt"/>
          <line num="16" count="0" type="stmt"/>
          <line num="20" count="0" type="stmt"/>
          <line num="24" count="0" type="stmt"/>
          <line num="39" count="0" type="stmt"/>
          <line num="49" count="21" type="stmt"/>
          <line num="53" count="21" type="stmt"/>
        </file>
      </package>
      <package name="src.components.dlg.Payment">
        <metrics statements="19" coveredstatements="19" conditionals="2" coveredconditionals="1" methods="7" coveredmethods="7"/>
        <file name="actions.js" path="/home/vasi/prog/js/react/best-bs/src/components/dlg/Payment/actions.js">
          <metrics statements="6" coveredstatements="6" conditionals="0" coveredconditionals="0" methods="2" coveredmethods="2"/>
          <line num="14" count="21" type="stmt"/>
          <line num="15" count="1" type="stmt"/>
          <line num="16" count="1" type="stmt"/>
          <line num="17" count="1" type="stmt"/>
          <line num="18" count="1" type="stmt"/>
          <line num="25" count="1" type="stmt"/>
        </file>
        <file name="dlg.js" path="/home/vasi/prog/js/react/best-bs/src/components/dlg/Payment/dlg.js">
          <metrics statements="1" coveredstatements="1" conditionals="0" coveredconditionals="0" methods="1" coveredmethods="1"/>
          <line num="12" count="20" type="stmt"/>
        </file>
        <file name="widget.js" path="/home/vasi/prog/js/react/best-bs/src/components/dlg/Payment/widget.js">
          <metrics statements="12" coveredstatements="12" conditionals="2" coveredconditionals="1" methods="4" coveredmethods="4"/>
          <line num="12" count="3" type="stmt"/>
          <line num="13" count="3" type="stmt"/>
          <line num="16" count="3" type="stmt"/>
          <line num="17" count="3" type="stmt"/>
          <line num="21" count="1" type="stmt"/>
          <line num="25" count="3" type="stmt"/>
          <line num="26" count="3" type="stmt"/>
          <line num="27" count="3" type="stmt"/>
          <line num="28" count="3" type="stmt"/>
          <line num="33" count="3" type="stmt"/>
          <line num="66" count="21" type="stmt"/>
          <line num="72" count="21" type="stmt"/>
        </file>
      </package>
      <package name="src.components.doc">
        <metrics statements="2" coveredstatements="2" conditionals="0" coveredconditionals="0" methods="0" coveredmethods="0"/>
        <file name="mapDiscountDlg.js" path="/home/vasi/prog/js/react/best-bs/src/components/doc/mapDiscountDlg.js">
          <metrics statements="2" coveredstatements="2" conditionals="0" coveredconditionals="0" methods="0" coveredmethods="0"/>
          <line num="3" count="1" type="stmt"/>
          <line num="4" count="1" type="stmt"/>
        </file>
      </package>
      <package name="src.components.util">
        <metrics statements="13" coveredstatements="13" conditionals="0" coveredconditionals="0" methods="8" coveredmethods="7"/>
        <file name="Menu.js" path="/home/vasi/prog/js/react/best-bs/src/components/util/Menu.js">
          <metrics statements="7" coveredstatements="7" conditionals="0" coveredconditionals="0" methods="4" coveredmethods="4"/>
          <line num="14" count="3" type="stmt"/>
          <line num="15" count="3" type="stmt"/>
          <line num="19" count="3" type="stmt"/>
          <line num="20" count="6" type="stmt"/>
          <line num="29" count="3" type="stmt"/>
          <line num="47" count="1" type="stmt"/>
          <line num="52" count="1" type="stmt"/>
        </file>
        <file name="MenuItem.js" path="/home/vasi/prog/js/react/best-bs/src/components/util/MenuItem.js">
          <metrics statements="6" coveredstatements="6" conditionals="0" coveredconditionals="0" methods="4" coveredmethods="3"/>
          <line num="11" count="1" type="stmt"/>
          <line num="12" count="1" type="stmt"/>
          <line num="16" count="1" type="stmt"/>
          <line num="20" count="1" type="stmt"/>
          <line num="29" count="2" type="stmt"/>
          <line num="34" count="2" type="stmt"/>
        </file>
      </package>
      <package name="src.reducers">
        <metrics statements="29" coveredstatements="27" conditionals="18" coveredconditionals="16" methods="4" coveredmethods="4"/>
        <file name="appReducer.js" path="/home/vasi/prog/js/react/best-bs/src/reducers/appReducer.js">
          <metrics statements="6" coveredstatements="6" conditionals="5" coveredconditionals="5" methods="1" coveredmethods="1"/>
          <line num="3" count="1" type="stmt"/>
          <line num="13" count="4" type="stmt"/>
          <line num="16" count="1" type="stmt"/>
          <line num="18" count="1" type="stmt"/>
          <line num="20" count="1" type="stmt"/>
          <line num="29" count="1" type="stmt"/>
        </file>
        <file name="docReducer.js" path="/home/vasi/prog/js/react/best-bs/src/reducers/docReducer.js">
          <metrics statements="18" coveredstatements="17" conditionals="9" coveredconditionals="8" methods="2" coveredmethods="2"/>
          <line num="3" count="1" type="stmt"/>
          <line num="14" count="4" type="stmt"/>
          <line num="17" count="1" type="stmt"/>
          <line num="18" count="1" type="stmt"/>
          <line num="19" count="0" type="stmt"/>
          <line num="22" count="1" type="stmt"/>
          <line num="23" count="1" type="stmt"/>
          <line num="24" count="1" type="stmt"/>
          <line num="28" count="1" type="stmt"/>
          <line num="29" count="1" type="stmt"/>
          <line num="30" count="1" type="stmt"/>
          <line num="34" count="1" type="stmt"/>
          <line num="35" count="1" type="stmt"/>
          <line num="37" count="1" type="stmt"/>
          <line num="38" count="1" type="stmt"/>
          <line num="41" count="1" type="stmt"/>
          <line num="42" count="1" type="stmt"/>
          <line num="46" count="1" type="stmt"/>
        </file>
        <file name="modalReducer.js" path="/home/vasi/prog/js/react/best-bs/src/reducers/modalReducer.js">
          <metrics statements="5" coveredstatements="4" conditionals="4" coveredconditionals="3" methods="1" coveredmethods="1"/>
          <line num="3" count="1" type="stmt"/>
          <line num="9" count="3" type="stmt"/>
          <line num="11" count="2" type="stmt"/>
          <line num="15" count="0" type="stmt"/>
          <line num="19" count="1" type="stmt"/>
        </file>
      </package>
    </metrics>
  </project>
</coverage>
