{"/home/vasi/prog/js/react/best-bs/src/constants.js": {"path":"/home/vasi/prog/js/react/best-bs/src/constants.js","statementMap":{"0":{"start":{"line":1,"column":28},"end":{"line":40,"column":3}},"1":{"start":{"line":42,"column":23},"end":{"line":44,"column":3}},"2":{"start":{"line":46,"column":27},"end":{"line":46,"column":56}}},"fnMap":{},"branchMap":{},"s":{"0":37,"1":37,"2":37},"f":{},"b":{},"_coverageSchema":"332fd63041d2c1bcb487cc26dd0d5f7d97098a6c","hash":"11724c35713317ac4167e03eb69b5386909c92e4"}
,"/home/vasi/prog/js/react/best-bs/src/actions/DocActions.js": {"path":"/home/vasi/prog/js/react/best-bs/src/actions/DocActions.js","statementMap":{"0":{"start":{"line":11,"column":22},"end":{"line":37,"column":1}},"1":{"start":{"line":12,"column":15},"end":{"line":12,"column":17}},"2":{"start":{"line":13,"column":2},"end":{"line":20,"column":3}},"3":{"start":{"line":14,"column":19},"end":{"line":14,"column":34}},"4":{"start":{"line":15,"column":4},"end":{"line":19,"column":5}},"5":{"start":{"line":16,"column":6},"end":{"line":16,"column":38}},"6":{"start":{"line":17,"column":6},"end":{"line":17,"column":16}},"7":{"start":{"line":18,"column":6},"end":{"line":18,"column":12}},"8":{"start":{"line":22,"column":2},"end":{"line":30,"column":3}},"9":{"start":{"line":23,"column":18},"end":{"line":28,"column":5}},"10":{"start":{"line":29,"column":4},"end":{"line":29,"column":31}},"11":{"start":{"line":32,"column":2},"end":{"line":32,"column":37}},"12":{"start":{"line":33,"column":2},"end":{"line":36,"column":5}},"13":{"start":{"line":45,"column":23},"end":{"line":79,"column":1}},"14":{"start":{"line":46,"column":2},"end":{"line":78,"column":4}},"15":{"start":{"line":47,"column":4},"end":{"line":49,"column":7}},"16":{"start":{"line":50,"column":15},"end":{"line":50,"column":63}},"17":{"start":{"line":51,"column":4},"end":{"line":77,"column":7}},"18":{"start":{"line":60,"column":6},"end":{"line":60,"column":29}},"19":{"start":{"line":62,"column":6},"end":{"line":65,"column":7}},"20":{"start":{"line":63,"column":8},"end":{"line":64,"column":38}},"21":{"start":{"line":67,"column":6},"end":{"line":70,"column":9}},"22":{"start":{"line":71,"column":6},"end":{"line":73,"column":9}},"23":{"start":{"line":76,"column":6},"end":{"line":76,"column":58}},"24":{"start":{"line":81,"column":21},"end":{"line":114,"column":1}},"25":{"start":{"line":82,"column":2},"end":{"line":113,"column":4}},"26":{"start":{"line":83,"column":4},"end":{"line":85,"column":7}},"27":{"start":{"line":86,"column":15},"end":{"line":86,"column":63}},"28":{"start":{"line":87,"column":4},"end":{"line":112,"column":7}},"29":{"start":{"line":96,"column":6},"end":{"line":96,"column":29}},"30":{"start":{"line":98,"column":6},"end":{"line":101,"column":7}},"31":{"start":{"line":99,"column":8},"end":{"line":100,"column":38}},"32":{"start":{"line":103,"column":6},"end":{"line":106,"column":9}},"33":{"start":{"line":107,"column":6},"end":{"line":109,"column":9}},"34":{"start":{"line":111,"column":6},"end":{"line":111,"column":58}},"35":{"start":{"line":116,"column":27},"end":{"line":145,"column":1}},"36":{"start":{"line":117,"column":2},"end":{"line":117,"column":11}},"37":{"start":{"line":118,"column":2},"end":{"line":144,"column":4}},"38":{"start":{"line":119,"column":4},"end":{"line":121,"column":7}},"39":{"start":{"line":122,"column":4},"end":{"line":143,"column":7}},"40":{"start":{"line":131,"column":6},"end":{"line":131,"column":29}},"41":{"start":{"line":134,"column":6},"end":{"line":137,"column":9}},"42":{"start":{"line":138,"column":6},"end":{"line":140,"column":9}},"43":{"start":{"line":142,"column":6},"end":{"line":142,"column":64}},"44":{"start":{"line":147,"column":24},"end":{"line":196,"column":1}},"45":{"start":{"line":148,"column":2},"end":{"line":195,"column":4}},"46":{"start":{"line":149,"column":15},"end":{"line":149,"column":63}},"47":{"start":{"line":150,"column":4},"end":{"line":194,"column":7}},"48":{"start":{"line":158,"column":6},"end":{"line":158,"column":29}},"49":{"start":{"line":160,"column":6},"end":{"line":163,"column":7}},"50":{"start":{"line":161,"column":8},"end":{"line":162,"column":38}},"51":{"start":{"line":165,"column":6},"end":{"line":168,"column":9}},"52":{"start":{"line":169,"column":6},"end":{"line":169,"column":18}},"53":{"start":{"line":171,"column":17},"end":{"line":172,"column":53}},"54":{"start":{"line":173,"column":6},"end":{"line":193,"column":9}},"55":{"start":{"line":181,"column":8},"end":{"line":183,"column":11}},"56":{"start":{"line":184,"column":8},"end":{"line":184,"column":31}},"57":{"start":{"line":186,"column":19},"end":{"line":186,"column":64}},"58":{"start":{"line":187,"column":22},"end":{"line":187,"column":47}},"59":{"start":{"line":188,"column":8},"end":{"line":188,"column":29}},"60":{"start":{"line":190,"column":8},"end":{"line":190,"column":42}},"61":{"start":{"line":191,"column":8},"end":{"line":192,"column":55}}},"fnMap":{"0":{"name":"(anonymous_0)","decl":{"start":{"line":11,"column":22},"end":{"line":11,"column":23}},"loc":{"start":{"line":11,"column":44},"end":{"line":37,"column":1}}},"1":{"name":"(anonymous_1)","decl":{"start":{"line":45,"column":23},"end":{"line":45,"column":24}},"loc":{"start":{"line":45,"column":38},"end":{"line":79,"column":1}}},"2":{"name":"(anonymous_2)","decl":{"start":{"line":46,"column":9},"end":{"line":46,"column":10}},"loc":{"start":{"line":46,"column":21},"end":{"line":78,"column":3}}},"3":{"name":"(anonymous_3)","decl":{"start":{"line":59,"column":12},"end":{"line":59,"column":13}},"loc":{"start":{"line":59,"column":32},"end":{"line":61,"column":5}}},"4":{"name":"(anonymous_4)","decl":{"start":{"line":61,"column":12},"end":{"line":61,"column":13}},"loc":{"start":{"line":61,"column":28},"end":{"line":74,"column":5}}},"5":{"name":"(anonymous_5)","decl":{"start":{"line":74,"column":13},"end":{"line":74,"column":14}},"loc":{"start":{"line":74,"column":27},"end":{"line":77,"column":5}}},"6":{"name":"(anonymous_6)","decl":{"start":{"line":81,"column":21},"end":{"line":81,"column":22}},"loc":{"start":{"line":81,"column":36},"end":{"line":114,"column":1}}},"7":{"name":"(anonymous_7)","decl":{"start":{"line":82,"column":9},"end":{"line":82,"column":10}},"loc":{"start":{"line":82,"column":21},"end":{"line":113,"column":3}}},"8":{"name":"(anonymous_8)","decl":{"start":{"line":95,"column":12},"end":{"line":95,"column":13}},"loc":{"start":{"line":95,"column":32},"end":{"line":97,"column":5}}},"9":{"name":"(anonymous_9)","decl":{"start":{"line":97,"column":12},"end":{"line":97,"column":13}},"loc":{"start":{"line":97,"column":28},"end":{"line":110,"column":5}}},"10":{"name":"(anonymous_10)","decl":{"start":{"line":110,"column":13},"end":{"line":110,"column":14}},"loc":{"start":{"line":110,"column":27},"end":{"line":112,"column":5}}},"11":{"name":"(anonymous_11)","decl":{"start":{"line":116,"column":27},"end":{"line":116,"column":28}},"loc":{"start":{"line":116,"column":46},"end":{"line":145,"column":1}}},"12":{"name":"(anonymous_12)","decl":{"start":{"line":118,"column":9},"end":{"line":118,"column":10}},"loc":{"start":{"line":118,"column":23},"end":{"line":144,"column":3}}},"13":{"name":"(anonymous_13)","decl":{"start":{"line":130,"column":12},"end":{"line":130,"column":13}},"loc":{"start":{"line":130,"column":32},"end":{"line":132,"column":5}}},"14":{"name":"(anonymous_14)","decl":{"start":{"line":132,"column":12},"end":{"line":132,"column":13}},"loc":{"start":{"line":132,"column":28},"end":{"line":141,"column":5}}},"15":{"name":"(anonymous_15)","decl":{"start":{"line":141,"column":13},"end":{"line":141,"column":14}},"loc":{"start":{"line":141,"column":27},"end":{"line":143,"column":5}}},"16":{"name":"(anonymous_16)","decl":{"start":{"line":147,"column":24},"end":{"line":147,"column":25}},"loc":{"start":{"line":147,"column":51},"end":{"line":196,"column":1}}},"17":{"name":"(anonymous_17)","decl":{"start":{"line":148,"column":9},"end":{"line":148,"column":10}},"loc":{"start":{"line":148,"column":23},"end":{"line":195,"column":3}}},"18":{"name":"(anonymous_18)","decl":{"start":{"line":157,"column":12},"end":{"line":157,"column":13}},"loc":{"start":{"line":157,"column":32},"end":{"line":159,"column":5}}},"19":{"name":"(anonymous_19)","decl":{"start":{"line":159,"column":12},"end":{"line":159,"column":13}},"loc":{"start":{"line":159,"column":28},"end":{"line":170,"column":5}}},"20":{"name":"(anonymous_20)","decl":{"start":{"line":170,"column":12},"end":{"line":170,"column":13}},"loc":{"start":{"line":170,"column":28},"end":{"line":194,"column":5}}},"21":{"name":"(anonymous_21)","decl":{"start":{"line":180,"column":14},"end":{"line":180,"column":15}},"loc":{"start":{"line":180,"column":34},"end":{"line":185,"column":7}}},"22":{"name":"(anonymous_22)","decl":{"start":{"line":185,"column":14},"end":{"line":185,"column":15}},"loc":{"start":{"line":185,"column":30},"end":{"line":189,"column":7}}},"23":{"name":"(anonymous_23)","decl":{"start":{"line":189,"column":15},"end":{"line":189,"column":16}},"loc":{"start":{"line":189,"column":29},"end":{"line":193,"column":7}}}},"branchMap":{"0":{"loc":{"start":{"line":15,"column":4},"end":{"line":19,"column":5}},"type":"if","locations":[{"start":{"line":15,"column":4},"end":{"line":19,"column":5}},{"start":{"line":15,"column":4},"end":{"line":19,"column":5}}]},"1":{"loc":{"start":{"line":22,"column":2},"end":{"line":30,"column":3}},"type":"if","locations":[{"start":{"line":22,"column":2},"end":{"line":30,"column":3}},{"start":{"line":22,"column":2},"end":{"line":30,"column":3}}]},"2":{"loc":{"start":{"line":62,"column":6},"end":{"line":65,"column":7}},"type":"if","locations":[{"start":{"line":62,"column":6},"end":{"line":65,"column":7}},{"start":{"line":62,"column":6},"end":{"line":65,"column":7}}]},"3":{"loc":{"start":{"line":62,"column":10},"end":{"line":62,"column":59}},"type":"binary-expr","locations":[{"start":{"line":62,"column":10},"end":{"line":62,"column":36}},{"start":{"line":62,"column":40},"end":{"line":62,"column":59}}]},"4":{"loc":{"start":{"line":98,"column":6},"end":{"line":101,"column":7}},"type":"if","locations":[{"start":{"line":98,"column":6},"end":{"line":101,"column":7}},{"start":{"line":98,"column":6},"end":{"line":101,"column":7}}]},"5":{"loc":{"start":{"line":98,"column":10},"end":{"line":98,"column":59}},"type":"binary-expr","locations":[{"start":{"line":98,"column":10},"end":{"line":98,"column":36}},{"start":{"line":98,"column":40},"end":{"line":98,"column":59}}]},"6":{"loc":{"start":{"line":160,"column":6},"end":{"line":163,"column":7}},"type":"if","locations":[{"start":{"line":160,"column":6},"end":{"line":163,"column":7}},{"start":{"line":160,"column":6},"end":{"line":163,"column":7}}]},"7":{"loc":{"start":{"line":160,"column":10},"end":{"line":160,"column":59}},"type":"binary-expr","locations":[{"start":{"line":160,"column":10},"end":{"line":160,"column":36}},{"start":{"line":160,"column":40},"end":{"line":160,"column":59}}]}},"s":{"0":4,"1":3,"2":3,"3":2,"4":2,"5":1,"6":1,"7":1,"8":3,"9":2,"10":2,"11":3,"12":3,"13":4,"14":1,"15":1,"16":1,"17":1,"18":1,"19":1,"20":0,"21":1,"22":1,"23":0,"24":4,"25":1,"26":1,"27":1,"28":1,"29":1,"30":1,"31":0,"32":1,"33":1,"34":0,"35":4,"36":1,"37":1,"38":1,"39":1,"40":1,"41":1,"42":1,"43":0,"44":4,"45":0,"46":0,"47":0,"48":0,"49":0,"50":0,"51":0,"52":0,"53":0,"54":0,"55":0,"56":0,"57":0,"58":0,"59":0,"60":0,"61":0},"f":{"0":3,"1":1,"2":1,"3":1,"4":1,"5":0,"6":1,"7":1,"8":1,"9":1,"10":0,"11":1,"12":1,"13":1,"14":1,"15":0,"16":0,"17":0,"18":0,"19":0,"20":0,"21":0,"22":0,"23":0},"b":{"0":[1,1],"1":[2,1],"2":[0,1],"3":[1,0],"4":[0,1],"5":[1,0],"6":[0,0],"7":[0,0]},"_coverageSchema":"332fd63041d2c1bcb487cc26dd0d5f7d97098a6c","hash":"db04eb9c793ef93127d7ac199be09323d1b92e8a"}
,"/home/vasi/prog/js/react/best-bs/src/actions/DocsActions.js": {"path":"/home/vasi/prog/js/react/best-bs/src/actions/DocsActions.js","statementMap":{"0":{"start":{"line":8,"column":24},"end":{"line":53,"column":1}},"1":{"start":{"line":9,"column":2},"end":{"line":52,"column":4}},"2":{"start":{"line":11,"column":4},"end":{"line":13,"column":7}},"3":{"start":{"line":14,"column":15},"end":{"line":14,"column":73}},"4":{"start":{"line":16,"column":4},"end":{"line":51,"column":7}},"5":{"start":{"line":25,"column":6},"end":{"line":25,"column":29}},"6":{"start":{"line":27,"column":6},"end":{"line":29,"column":7}},"7":{"start":{"line":28,"column":8},"end":{"line":28,"column":75}},"8":{"start":{"line":31,"column":17},"end":{"line":36,"column":8}},"9":{"start":{"line":32,"column":8},"end":{"line":32,"column":40}},"10":{"start":{"line":33,"column":8},"end":{"line":33,"column":19}},"11":{"start":{"line":38,"column":6},"end":{"line":44,"column":9}},"12":{"start":{"line":46,"column":6},"end":{"line":48,"column":9}},"13":{"start":{"line":50,"column":6},"end":{"line":50,"column":63}},"14":{"start":{"line":55,"column":20},"end":{"line":94,"column":1}},"15":{"start":{"line":56,"column":2},"end":{"line":93,"column":4}},"16":{"start":{"line":58,"column":4},"end":{"line":60,"column":7}},"17":{"start":{"line":61,"column":15},"end":{"line":61,"column":49}},"18":{"start":{"line":63,"column":4},"end":{"line":92,"column":7}},"19":{"start":{"line":72,"column":6},"end":{"line":72,"column":29}},"20":{"start":{"line":74,"column":6},"end":{"line":76,"column":7}},"21":{"start":{"line":75,"column":8},"end":{"line":75,"column":73}},"22":{"start":{"line":78,"column":6},"end":{"line":78,"column":38}},"23":{"start":{"line":80,"column":6},"end":{"line":83,"column":9}},"24":{"start":{"line":85,"column":6},"end":{"line":87,"column":9}},"25":{"start":{"line":89,"column":6},"end":{"line":89,"column":34}},"26":{"start":{"line":91,"column":6},"end":{"line":91,"column":60}}},"fnMap":{"0":{"name":"(anonymous_0)","decl":{"start":{"line":8,"column":24},"end":{"line":8,"column":25}},"loc":{"start":{"line":8,"column":41},"end":{"line":53,"column":1}}},"1":{"name":"(anonymous_1)","decl":{"start":{"line":9,"column":9},"end":{"line":9,"column":10}},"loc":{"start":{"line":9,"column":23},"end":{"line":52,"column":3}}},"2":{"name":"(anonymous_2)","decl":{"start":{"line":24,"column":12},"end":{"line":24,"column":13}},"loc":{"start":{"line":24,"column":32},"end":{"line":26,"column":5}}},"3":{"name":"(anonymous_3)","decl":{"start":{"line":26,"column":12},"end":{"line":26,"column":13}},"loc":{"start":{"line":26,"column":29},"end":{"line":49,"column":5}}},"4":{"name":"(anonymous_4)","decl":{"start":{"line":31,"column":27},"end":{"line":31,"column":28}},"loc":{"start":{"line":31,"column":42},"end":{"line":36,"column":7}}},"5":{"name":"(anonymous_5)","decl":{"start":{"line":49,"column":13},"end":{"line":49,"column":14}},"loc":{"start":{"line":49,"column":27},"end":{"line":51,"column":5}}},"6":{"name":"(anonymous_6)","decl":{"start":{"line":55,"column":20},"end":{"line":55,"column":21}},"loc":{"start":{"line":55,"column":36},"end":{"line":94,"column":1}}},"7":{"name":"(anonymous_7)","decl":{"start":{"line":56,"column":9},"end":{"line":56,"column":10}},"loc":{"start":{"line":56,"column":23},"end":{"line":93,"column":3}}},"8":{"name":"(anonymous_8)","decl":{"start":{"line":71,"column":12},"end":{"line":71,"column":13}},"loc":{"start":{"line":71,"column":32},"end":{"line":73,"column":5}}},"9":{"name":"(anonymous_9)","decl":{"start":{"line":73,"column":12},"end":{"line":73,"column":13}},"loc":{"start":{"line":73,"column":27},"end":{"line":90,"column":5}}},"10":{"name":"(anonymous_10)","decl":{"start":{"line":90,"column":13},"end":{"line":90,"column":14}},"loc":{"start":{"line":90,"column":27},"end":{"line":92,"column":5}}}},"branchMap":{"0":{"loc":{"start":{"line":27,"column":6},"end":{"line":29,"column":7}},"type":"if","locations":[{"start":{"line":27,"column":6},"end":{"line":29,"column":7}},{"start":{"line":27,"column":6},"end":{"line":29,"column":7}}]},"1":{"loc":{"start":{"line":27,"column":10},"end":{"line":27,"column":61}},"type":"binary-expr","locations":[{"start":{"line":27,"column":10},"end":{"line":27,"column":37}},{"start":{"line":27,"column":41},"end":{"line":27,"column":61}}]},"2":{"loc":{"start":{"line":74,"column":6},"end":{"line":76,"column":7}},"type":"if","locations":[{"start":{"line":74,"column":6},"end":{"line":76,"column":7}},{"start":{"line":74,"column":6},"end":{"line":76,"column":7}}]},"3":{"loc":{"start":{"line":74,"column":10},"end":{"line":74,"column":57}},"type":"binary-expr","locations":[{"start":{"line":74,"column":10},"end":{"line":74,"column":35}},{"start":{"line":74,"column":39},"end":{"line":74,"column":57}}]}},"s":{"0":1,"1":1,"2":1,"3":1,"4":1,"5":1,"6":1,"7":0,"8":1,"9":2,"10":2,"11":1,"12":1,"13":0,"14":1,"15":1,"16":1,"17":1,"18":1,"19":1,"20":1,"21":0,"22":1,"23":1,"24":1,"25":1,"26":0},"f":{"0":1,"1":1,"2":1,"3":1,"4":2,"5":0,"6":1,"7":1,"8":1,"9":1,"10":0},"b":{"0":[0,1],"1":[1,0],"2":[0,1],"3":[1,0]},"_coverageSchema":"332fd63041d2c1bcb487cc26dd0d5f7d97098a6c","hash":"640b3cc2e940fe8a0e15df02e0eb4b247918c1ce"}
,"/home/vasi/prog/js/react/best-bs/src/actions/GroupTActions.js": {"path":"/home/vasi/prog/js/react/best-bs/src/actions/GroupTActions.js","statementMap":{"0":{"start":{"line":11,"column":2},"end":{"line":34,"column":6}},"1":{"start":{"line":12,"column":6},"end":{"line":33,"column":11}},"2":{"start":{"line":21,"column":10},"end":{"line":21,"column":33}},"3":{"start":{"line":23,"column":10},"end":{"line":23,"column":71}},"4":{"start":{"line":24,"column":10},"end":{"line":29,"column":15}},"5":{"start":{"line":30,"column":10},"end":{"line":30,"column":56}},"6":{"start":{"line":32,"column":10},"end":{"line":32,"column":79}},"7":{"start":{"line":44,"column":2},"end":{"line":76,"column":6}},"8":{"start":{"line":45,"column":6},"end":{"line":75,"column":7}},"9":{"start":{"line":46,"column":8},"end":{"line":48,"column":13}},"10":{"start":{"line":49,"column":19},"end":{"line":51,"column":51}},"11":{"start":{"line":52,"column":8},"end":{"line":74,"column":13}},"12":{"start":{"line":61,"column":12},"end":{"line":61,"column":35}},"13":{"start":{"line":63,"column":12},"end":{"line":68,"column":17}},"14":{"start":{"line":69,"column":12},"end":{"line":71,"column":17}},"15":{"start":{"line":73,"column":12},"end":{"line":73,"column":65}}},"fnMap":{"0":{"name":"selectGroupT","decl":{"start":{"line":10,"column":16},"end":{"line":10,"column":28}},"loc":{"start":{"line":10,"column":52},"end":{"line":35,"column":1}}},"1":{"name":"(anonymous_1)","decl":{"start":{"line":11,"column":9},"end":{"line":11,"column":10}},"loc":{"start":{"line":11,"column":23},"end":{"line":34,"column":5}}},"2":{"name":"(anonymous_2)","decl":{"start":{"line":20,"column":16},"end":{"line":20,"column":17}},"loc":{"start":{"line":20,"column":36},"end":{"line":22,"column":9}}},"3":{"name":"(anonymous_3)","decl":{"start":{"line":22,"column":16},"end":{"line":22,"column":17}},"loc":{"start":{"line":22,"column":45},"end":{"line":31,"column":9}}},"4":{"name":"(anonymous_4)","decl":{"start":{"line":31,"column":17},"end":{"line":31,"column":18}},"loc":{"start":{"line":31,"column":31},"end":{"line":33,"column":9}}},"5":{"name":"getAllGoodsByGroupT","decl":{"start":{"line":43,"column":16},"end":{"line":43,"column":35}},"loc":{"start":{"line":43,"column":59},"end":{"line":77,"column":1}}},"6":{"name":"(anonymous_6)","decl":{"start":{"line":44,"column":9},"end":{"line":44,"column":10}},"loc":{"start":{"line":44,"column":21},"end":{"line":76,"column":5}}},"7":{"name":"(anonymous_7)","decl":{"start":{"line":60,"column":18},"end":{"line":60,"column":19}},"loc":{"start":{"line":60,"column":38},"end":{"line":62,"column":11}}},"8":{"name":"(anonymous_8)","decl":{"start":{"line":62,"column":18},"end":{"line":62,"column":19}},"loc":{"start":{"line":62,"column":35},"end":{"line":72,"column":11}}},"9":{"name":"(anonymous_9)","decl":{"start":{"line":72,"column":19},"end":{"line":72,"column":20}},"loc":{"start":{"line":72,"column":33},"end":{"line":74,"column":11}}}},"branchMap":{"0":{"loc":{"start":{"line":10,"column":37},"end":{"line":10,"column":50}},"type":"default-arg","locations":[{"start":{"line":10,"column":46},"end":{"line":10,"column":50}}]},"1":{"loc":{"start":{"line":43,"column":44},"end":{"line":43,"column":57}},"type":"default-arg","locations":[{"start":{"line":43,"column":53},"end":{"line":43,"column":57}}]},"2":{"loc":{"start":{"line":45,"column":6},"end":{"line":75,"column":7}},"type":"if","locations":[{"start":{"line":45,"column":6},"end":{"line":75,"column":7}},{"start":{"line":45,"column":6},"end":{"line":75,"column":7}}]},"3":{"loc":{"start":{"line":45,"column":10},"end":{"line":45,"column":88}},"type":"binary-expr","locations":[{"start":{"line":45,"column":10},"end":{"line":45,"column":48}},{"start":{"line":45,"column":52},"end":{"line":45,"column":88}}]}},"s":{"0":1,"1":1,"2":1,"3":1,"4":1,"5":1,"6":0,"7":2,"8":2,"9":1,"10":1,"11":1,"12":1,"13":1,"14":1,"15":0},"f":{"0":1,"1":1,"2":1,"3":1,"4":0,"5":2,"6":2,"7":1,"8":1,"9":0},"b":{"0":[0],"1":[0],"2":[1,1],"3":[2,1]},"_coverageSchema":"332fd63041d2c1bcb487cc26dd0d5f7d97098a6c","hash":"094fa4ab382cc6b34c775bcc87e22ec624736d6c"}
,"/home/vasi/prog/js/react/best-bs/src/actions/InitVarActions.js": {"path":"/home/vasi/prog/js/react/best-bs/src/actions/InitVarActions.js","statementMap":{"0":{"start":{"line":6,"column":2},"end":{"line":30,"column":6}},"1":{"start":{"line":7,"column":6},"end":{"line":9,"column":11}},"2":{"start":{"line":10,"column":6},"end":{"line":28,"column":11}},"3":{"start":{"line":17,"column":10},"end":{"line":17,"column":33}},"4":{"start":{"line":19,"column":10},"end":{"line":22,"column":15}},"5":{"start":{"line":23,"column":10},"end":{"line":25,"column":15}},"6":{"start":{"line":27,"column":10},"end":{"line":27,"column":65}}},"fnMap":{"0":{"name":"initVar","decl":{"start":{"line":5,"column":16},"end":{"line":5,"column":23}},"loc":{"start":{"line":5,"column":26},"end":{"line":31,"column":1}}},"1":{"name":"(anonymous_1)","decl":{"start":{"line":6,"column":9},"end":{"line":6,"column":10}},"loc":{"start":{"line":6,"column":21},"end":{"line":30,"column":5}}},"2":{"name":"(anonymous_2)","decl":{"start":{"line":16,"column":16},"end":{"line":16,"column":17}},"loc":{"start":{"line":16,"column":36},"end":{"line":18,"column":9}}},"3":{"name":"(anonymous_3)","decl":{"start":{"line":18,"column":16},"end":{"line":18,"column":17}},"loc":{"start":{"line":18,"column":32},"end":{"line":26,"column":9}}},"4":{"name":"(anonymous_4)","decl":{"start":{"line":26,"column":17},"end":{"line":26,"column":18}},"loc":{"start":{"line":26,"column":31},"end":{"line":28,"column":9}}}},"branchMap":{},"s":{"0":1,"1":1,"2":1,"3":1,"4":1,"5":1,"6":0},"f":{"0":1,"1":1,"2":1,"3":1,"4":0},"b":{},"_coverageSchema":"332fd63041d2c1bcb487cc26dd0d5f7d97098a6c","hash":"397c6efc4a413b98da493ee173cf5ecefb738866"}
,"/home/vasi/prog/js/react/best-bs/src/actions/ModalActions.js": {"path":"/home/vasi/prog/js/react/best-bs/src/actions/ModalActions.js","statementMap":{"0":{"start":{"line":5,"column":2},"end":{"line":27,"column":4}},"1":{"start":{"line":6,"column":4},"end":{"line":9,"column":5}},"2":{"start":{"line":7,"column":6},"end":{"line":7,"column":83}},"3":{"start":{"line":8,"column":6},"end":{"line":8,"column":13}},"4":{"start":{"line":19,"column":14},"end":{"line":19,"column":35}},"5":{"start":{"line":20,"column":4},"end":{"line":24,"column":5}},"6":{"start":{"line":21,"column":6},"end":{"line":22,"column":66}},"7":{"start":{"line":23,"column":6},"end":{"line":23,"column":13}},"8":{"start":{"line":26,"column":4},"end":{"line":26,"column":35}}},"fnMap":{"0":{"name":"openDlg","decl":{"start":{"line":4,"column":24},"end":{"line":4,"column":31}},"loc":{"start":{"line":4,"column":55},"end":{"line":28,"column":1}}},"1":{"name":"(anonymous_1)","decl":{"start":{"line":5,"column":9},"end":{"line":5,"column":10}},"loc":{"start":{"line":5,"column":23},"end":{"line":27,"column":3}}}},"branchMap":{"0":{"loc":{"start":{"line":6,"column":4},"end":{"line":9,"column":5}},"type":"if","locations":[{"start":{"line":6,"column":4},"end":{"line":9,"column":5}},{"start":{"line":6,"column":4},"end":{"line":9,"column":5}}]},"1":{"loc":{"start":{"line":20,"column":4},"end":{"line":24,"column":5}},"type":"if","locations":[{"start":{"line":20,"column":4},"end":{"line":24,"column":5}},{"start":{"line":20,"column":4},"end":{"line":24,"column":5}}]}},"s":{"0":3,"1":3,"2":1,"3":1,"4":2,"5":2,"6":1,"7":1,"8":1},"f":{"0":3,"1":3},"b":{"0":[1,2],"1":[1,1]},"_coverageSchema":"332fd63041d2c1bcb487cc26dd0d5f7d97098a6c","hash":"563a0480e0d414dc9c51ae8b39148adebff4e79e"}
,"/home/vasi/prog/js/react/best-bs/src/actions/PaymentActions.js": {"path":"/home/vasi/prog/js/react/best-bs/src/actions/PaymentActions.js","statementMap":{"0":{"start":{"line":5,"column":17},"end":{"line":29,"column":1}},"1":{"start":{"line":6,"column":2},"end":{"line":28,"column":4}},"2":{"start":{"line":7,"column":15},"end":{"line":7,"column":51}},"3":{"start":{"line":8,"column":4},"end":{"line":27,"column":7}},"4":{"start":{"line":16,"column":6},"end":{"line":16,"column":29}},"5":{"start":{"line":18,"column":6},"end":{"line":21,"column":9}},"6":{"start":{"line":23,"column":16},"end":{"line":23,"column":70}},"7":{"start":{"line":24,"column":6},"end":{"line":24,"column":23}},"8":{"start":{"line":25,"column":6},"end":{"line":26,"column":27}},"9":{"start":{"line":31,"column":20},"end":{"line":60,"column":1}},"10":{"start":{"line":32,"column":2},"end":{"line":59,"column":4}},"11":{"start":{"line":33,"column":15},"end":{"line":35,"column":49}},"12":{"start":{"line":36,"column":4},"end":{"line":58,"column":7}},"13":{"start":{"line":45,"column":6},"end":{"line":45,"column":29}},"14":{"start":{"line":48,"column":6},"end":{"line":51,"column":9}},"15":{"start":{"line":53,"column":16},"end":{"line":53,"column":70}},"16":{"start":{"line":54,"column":6},"end":{"line":54,"column":23}},"17":{"start":{"line":55,"column":6},"end":{"line":56,"column":27}},"18":{"start":{"line":57,"column":6},"end":{"line":57,"column":13}},"19":{"start":{"line":62,"column":24},"end":{"line":106,"column":1}},"20":{"start":{"line":63,"column":2},"end":{"line":105,"column":4}},"21":{"start":{"line":64,"column":4},"end":{"line":66,"column":7}},"22":{"start":{"line":67,"column":15},"end":{"line":67,"column":73}},"23":{"start":{"line":68,"column":4},"end":{"line":104,"column":7}},"24":{"start":{"line":77,"column":6},"end":{"line":77,"column":29}},"25":{"start":{"line":79,"column":6},"end":{"line":82,"column":7}},"26":{"start":{"line":80,"column":8},"end":{"line":80,"column":75}},"27":{"start":{"line":81,"column":8},"end":{"line":81,"column":15}},"28":{"start":{"line":84,"column":21},"end":{"line":87,"column":8}},"29":{"start":{"line":85,"column":8},"end":{"line":85,"column":48}},"30":{"start":{"line":86,"column":8},"end":{"line":86,"column":23}},"31":{"start":{"line":89,"column":6},"end":{"line":95,"column":9}},"32":{"start":{"line":96,"column":6},"end":{"line":98,"column":9}},"33":{"start":{"line":100,"column":16},"end":{"line":100,"column":73}},"34":{"start":{"line":101,"column":6},"end":{"line":101,"column":23}},"35":{"start":{"line":102,"column":6},"end":{"line":102,"column":63}},"36":{"start":{"line":103,"column":6},"end":{"line":103,"column":13}}},"fnMap":{"0":{"name":"(anonymous_0)","decl":{"start":{"line":5,"column":17},"end":{"line":5,"column":18}},"loc":{"start":{"line":5,"column":36},"end":{"line":29,"column":1}}},"1":{"name":"(anonymous_1)","decl":{"start":{"line":6,"column":9},"end":{"line":6,"column":10}},"loc":{"start":{"line":6,"column":23},"end":{"line":28,"column":3}}},"2":{"name":"(anonymous_2)","decl":{"start":{"line":15,"column":12},"end":{"line":15,"column":13}},"loc":{"start":{"line":15,"column":32},"end":{"line":17,"column":5}}},"3":{"name":"(anonymous_3)","decl":{"start":{"line":17,"column":12},"end":{"line":17,"column":13}},"loc":{"start":{"line":17,"column":28},"end":{"line":22,"column":5}}},"4":{"name":"(anonymous_4)","decl":{"start":{"line":22,"column":13},"end":{"line":22,"column":14}},"loc":{"start":{"line":22,"column":27},"end":{"line":27,"column":5}}},"5":{"name":"(anonymous_5)","decl":{"start":{"line":31,"column":20},"end":{"line":31,"column":21}},"loc":{"start":{"line":31,"column":44},"end":{"line":60,"column":1}}},"6":{"name":"(anonymous_6)","decl":{"start":{"line":32,"column":9},"end":{"line":32,"column":10}},"loc":{"start":{"line":32,"column":23},"end":{"line":59,"column":3}}},"7":{"name":"(anonymous_7)","decl":{"start":{"line":44,"column":12},"end":{"line":44,"column":13}},"loc":{"start":{"line":44,"column":32},"end":{"line":46,"column":5}}},"8":{"name":"(anonymous_8)","decl":{"start":{"line":46,"column":12},"end":{"line":46,"column":13}},"loc":{"start":{"line":46,"column":28},"end":{"line":52,"column":5}}},"9":{"name":"(anonymous_9)","decl":{"start":{"line":52,"column":13},"end":{"line":52,"column":14}},"loc":{"start":{"line":52,"column":27},"end":{"line":58,"column":5}}},"10":{"name":"(anonymous_10)","decl":{"start":{"line":62,"column":24},"end":{"line":62,"column":25}},"loc":{"start":{"line":62,"column":41},"end":{"line":106,"column":1}}},"11":{"name":"(anonymous_11)","decl":{"start":{"line":63,"column":9},"end":{"line":63,"column":10}},"loc":{"start":{"line":63,"column":23},"end":{"line":105,"column":3}}},"12":{"name":"(anonymous_12)","decl":{"start":{"line":76,"column":12},"end":{"line":76,"column":13}},"loc":{"start":{"line":76,"column":32},"end":{"line":78,"column":5}}},"13":{"name":"(anonymous_13)","decl":{"start":{"line":78,"column":12},"end":{"line":78,"column":13}},"loc":{"start":{"line":78,"column":29},"end":{"line":99,"column":5}}},"14":{"name":"(anonymous_14)","decl":{"start":{"line":84,"column":31},"end":{"line":84,"column":32}},"loc":{"start":{"line":84,"column":50},"end":{"line":87,"column":7}}},"15":{"name":"(anonymous_15)","decl":{"start":{"line":99,"column":13},"end":{"line":99,"column":14}},"loc":{"start":{"line":99,"column":27},"end":{"line":104,"column":5}}}},"branchMap":{"0":{"loc":{"start":{"line":79,"column":6},"end":{"line":82,"column":7}},"type":"if","locations":[{"start":{"line":79,"column":6},"end":{"line":82,"column":7}},{"start":{"line":79,"column":6},"end":{"line":82,"column":7}}]},"1":{"loc":{"start":{"line":79,"column":10},"end":{"line":79,"column":61}},"type":"binary-expr","locations":[{"start":{"line":79,"column":10},"end":{"line":79,"column":37}},{"start":{"line":79,"column":41},"end":{"line":79,"column":61}}]}},"s":{"0":3,"1":1,"2":1,"3":1,"4":1,"5":1,"6":0,"7":0,"8":0,"9":3,"10":1,"11":1,"12":1,"13":1,"14":1,"15":0,"16":0,"17":0,"18":0,"19":3,"20":1,"21":1,"22":1,"23":1,"24":1,"25":1,"26":0,"27":0,"28":1,"29":2,"30":2,"31":1,"32":1,"33":0,"34":0,"35":0,"36":0},"f":{"0":1,"1":1,"2":1,"3":1,"4":0,"5":1,"6":1,"7":1,"8":1,"9":0,"10":1,"11":1,"12":1,"13":1,"14":2,"15":0},"b":{"0":[0,1],"1":[1,0]},"_coverageSchema":"332fd63041d2c1bcb487cc26dd0d5f7d97098a6c","hash":"1a8c6488e8846b8d792fd6d8feed1a2eae857880"}
,"/home/vasi/prog/js/react/best-bs/src/actions/PriceActions.js": {"path":"/home/vasi/prog/js/react/best-bs/src/actions/PriceActions.js","statementMap":{"0":{"start":{"line":5,"column":2},"end":{"line":37,"column":6}},"1":{"start":{"line":6,"column":6},"end":{"line":8,"column":11}},"2":{"start":{"line":9,"column":17},"end":{"line":11,"column":49}},"3":{"start":{"line":12,"column":6},"end":{"line":35,"column":11}},"4":{"start":{"line":21,"column":10},"end":{"line":21,"column":33}},"5":{"start":{"line":24,"column":10},"end":{"line":29,"column":15}},"6":{"start":{"line":30,"column":10},"end":{"line":32,"column":15}},"7":{"start":{"line":34,"column":10},"end":{"line":34,"column":63}},"8":{"start":{"line":41,"column":2},"end":{"line":46,"column":6}},"9":{"start":{"line":50,"column":2},"end":{"line":55,"column":6}},"10":{"start":{"line":59,"column":2},"end":{"line":90,"column":6}},"11":{"start":{"line":60,"column":6},"end":{"line":62,"column":11}},"12":{"start":{"line":63,"column":17},"end":{"line":64,"column":49}},"13":{"start":{"line":65,"column":6},"end":{"line":88,"column":11}},"14":{"start":{"line":74,"column":10},"end":{"line":74,"column":33}},"15":{"start":{"line":77,"column":10},"end":{"line":82,"column":15}},"16":{"start":{"line":83,"column":10},"end":{"line":85,"column":15}},"17":{"start":{"line":87,"column":10},"end":{"line":87,"column":63}}},"fnMap":{"0":{"name":"getByFeature","decl":{"start":{"line":4,"column":16},"end":{"line":4,"column":28}},"loc":{"start":{"line":4,"column":63},"end":{"line":38,"column":1}}},"1":{"name":"(anonymous_1)","decl":{"start":{"line":5,"column":9},"end":{"line":5,"column":10}},"loc":{"start":{"line":5,"column":23},"end":{"line":37,"column":5}}},"2":{"name":"(anonymous_2)","decl":{"start":{"line":20,"column":16},"end":{"line":20,"column":17}},"loc":{"start":{"line":20,"column":36},"end":{"line":22,"column":9}}},"3":{"name":"(anonymous_3)","decl":{"start":{"line":22,"column":16},"end":{"line":22,"column":17}},"loc":{"start":{"line":22,"column":32},"end":{"line":33,"column":9}}},"4":{"name":"(anonymous_4)","decl":{"start":{"line":33,"column":17},"end":{"line":33,"column":18}},"loc":{"start":{"line":33,"column":31},"end":{"line":35,"column":9}}},"5":{"name":"resort","decl":{"start":{"line":40,"column":16},"end":{"line":40,"column":22}},"loc":{"start":{"line":40,"column":30},"end":{"line":47,"column":1}}},"6":{"name":"setOnRest","decl":{"start":{"line":49,"column":16},"end":{"line":49,"column":25}},"loc":{"start":{"line":49,"column":34},"end":{"line":56,"column":1}}},"7":{"name":"getByName","decl":{"start":{"line":58,"column":16},"end":{"line":58,"column":25}},"loc":{"start":{"line":58,"column":44},"end":{"line":91,"column":1}}},"8":{"name":"(anonymous_8)","decl":{"start":{"line":59,"column":9},"end":{"line":59,"column":10}},"loc":{"start":{"line":59,"column":23},"end":{"line":90,"column":5}}},"9":{"name":"(anonymous_9)","decl":{"start":{"line":73,"column":16},"end":{"line":73,"column":17}},"loc":{"start":{"line":73,"column":36},"end":{"line":75,"column":9}}},"10":{"name":"(anonymous_10)","decl":{"start":{"line":75,"column":16},"end":{"line":75,"column":17}},"loc":{"start":{"line":75,"column":32},"end":{"line":86,"column":9}}},"11":{"name":"(anonymous_11)","decl":{"start":{"line":86,"column":17},"end":{"line":86,"column":18}},"loc":{"start":{"line":86,"column":31},"end":{"line":88,"column":9}}}},"branchMap":{},"s":{"0":1,"1":1,"2":1,"3":1,"4":1,"5":1,"6":1,"7":0,"8":1,"9":1,"10":1,"11":1,"12":1,"13":1,"14":1,"15":1,"16":1,"17":0},"f":{"0":1,"1":1,"2":1,"3":1,"4":0,"5":1,"6":1,"7":1,"8":1,"9":1,"10":1,"11":0},"b":{},"_coverageSchema":"332fd63041d2c1bcb487cc26dd0d5f7d97098a6c","hash":"dba9e8d640735b98caadc559a4ed5842dd23e52d"}
,"/home/vasi/prog/js/react/best-bs/src/actions/ProgressActions.js": {"path":"/home/vasi/prog/js/react/best-bs/src/actions/ProgressActions.js","statementMap":{"0":{"start":{"line":4,"column":2},"end":{"line":7,"column":6}},"1":{"start":{"line":11,"column":2},"end":{"line":14,"column":6}}},"fnMap":{"0":{"name":"progressShow","decl":{"start":{"line":3,"column":16},"end":{"line":3,"column":28}},"loc":{"start":{"line":3,"column":31},"end":{"line":8,"column":1}}},"1":{"name":"progressHide","decl":{"start":{"line":10,"column":16},"end":{"line":10,"column":28}},"loc":{"start":{"line":10,"column":31},"end":{"line":15,"column":1}}}},"branchMap":{},"s":{"0":1,"1":1},"f":{"0":1,"1":1},"b":{},"_coverageSchema":"332fd63041d2c1bcb487cc26dd0d5f7d97098a6c","hash":"41f92294593e5a497a79f13c43ccf68a59449eb7"}
,"/home/vasi/prog/js/react/best-bs/src/components/ModalRoot.js": {"path":"/home/vasi/prog/js/react/best-bs/src/components/ModalRoot.js","statementMap":{"0":{"start":{"line":13,"column":25},"end":{"line":20,"column":3}},"1":{"start":{"line":14,"column":4},"end":{"line":16,"column":5}},"2":{"start":{"line":15,"column":6},"end":{"line":15,"column":18}},"3":{"start":{"line":18,"column":14},"end":{"line":18,"column":42}},"4":{"start":{"line":19,"column":4},"end":{"line":19,"column":56}},"5":{"start":{"line":22,"column":0},"end":{"line":25,"column":2}},"6":{"start":{"line":27,"column":32},"end":{"line":27,"column":43}}},"fnMap":{"0":{"name":"(anonymous_0)","decl":{"start":{"line":13,"column":25},"end":{"line":13,"column":26}},"loc":{"start":{"line":13,"column":56},"end":{"line":20,"column":3}}},"1":{"name":"(anonymous_1)","decl":{"start":{"line":27,"column":23},"end":{"line":27,"column":24}},"loc":{"start":{"line":27,"column":32},"end":{"line":27,"column":43}}}},"branchMap":{"0":{"loc":{"start":{"line":14,"column":4},"end":{"line":16,"column":5}},"type":"if","locations":[{"start":{"line":14,"column":4},"end":{"line":16,"column":5}},{"start":{"line":14,"column":4},"end":{"line":16,"column":5}}]}},"s":{"0":1,"1":1,"2":1,"3":0,"4":0,"5":1,"6":0},"f":{"0":1,"1":0},"b":{"0":[1,0]},"_coverageSchema":"332fd63041d2c1bcb487cc26dd0d5f7d97098a6c","hash":"c6f17a29cf38b7d57465e1e45b2ef3df4d7785d9"}
,"/home/vasi/prog/js/react/best-bs/src/components/dlg/ADlg.js": {"path":"/home/vasi/prog/js/react/best-bs/src/components/dlg/ADlg.js","statementMap":{"0":{"start":{"line":6,"column":4},"end":{"line":6,"column":27}},"1":{"start":{"line":7,"column":4},"end":{"line":7,"column":36}},"2":{"start":{"line":8,"column":4},"end":{"line":8,"column":25}},"3":{"start":{"line":10,"column":4},"end":{"line":10,"column":44}},"4":{"start":{"line":11,"column":4},"end":{"line":11,"column":34}},"5":{"start":{"line":15,"column":4},"end":{"line":15,"column":29}},"6":{"start":{"line":16,"column":4},"end":{"line":22,"column":7}},"7":{"start":{"line":26,"column":4},"end":{"line":26,"column":26}},"8":{"start":{"line":30,"column":4},"end":{"line":30,"column":30}},"9":{"start":{"line":31,"column":4},"end":{"line":31,"column":61}},"10":{"start":{"line":32,"column":4},"end":{"line":32,"column":69}}},"fnMap":{"0":{"name":"(anonymous_0)","decl":{"start":{"line":5,"column":2},"end":{"line":5,"column":3}},"loc":{"start":{"line":5,"column":44},"end":{"line":12,"column":3}}},"1":{"name":"(anonymous_1)","decl":{"start":{"line":14,"column":2},"end":{"line":14,"column":3}},"loc":{"start":{"line":14,"column":29},"end":{"line":23,"column":3}}},"2":{"name":"(anonymous_2)","decl":{"start":{"line":25,"column":2},"end":{"line":25,"column":3}},"loc":{"start":{"line":25,"column":17},"end":{"line":27,"column":3}}},"3":{"name":"(anonymous_3)","decl":{"start":{"line":29,"column":2},"end":{"line":29,"column":3}},"loc":{"start":{"line":29,"column":25},"end":{"line":33,"column":3}}}},"branchMap":{"0":{"loc":{"start":{"line":7,"column":17},"end":{"line":7,"column":35}},"type":"cond-expr","locations":[{"start":{"line":7,"column":25},"end":{"line":7,"column":30}},{"start":{"line":7,"column":33},"end":{"line":7,"column":35}}]},"1":{"loc":{"start":{"line":10,"column":23},"end":{"line":10,"column":43}},"type":"cond-expr","locations":[{"start":{"line":10,"column":30},"end":{"line":10,"column":34}},{"start":{"line":10,"column":37},"end":{"line":10,"column":43}}]}},"s":{"0":124,"1":124,"2":124,"3":124,"4":124,"5":5,"6":5,"7":6,"8":7,"9":7,"10":7},"f":{"0":124,"1":5,"2":6,"3":7},"b":{"0":[103,21],"1":[99,25]},"_coverageSchema":"332fd63041d2c1bcb487cc26dd0d5f7d97098a6c","hash":"f1def5b25b18a14e9c2fc884280be18a5c873a03"}
,"/home/vasi/prog/js/react/best-bs/src/components/dlg/AWidgetDlg.js": {"path":"/home/vasi/prog/js/react/best-bs/src/components/dlg/AWidgetDlg.js","statementMap":{"0":{"start":{"line":9,"column":4},"end":{"line":9,"column":17}},"1":{"start":{"line":10,"column":4},"end":{"line":10,"column":28}},"2":{"start":{"line":11,"column":4},"end":{"line":11,"column":44}},"3":{"start":{"line":12,"column":4},"end":{"line":12,"column":36}},"4":{"start":{"line":13,"column":4},"end":{"line":13,"column":44}},"5":{"start":{"line":17,"column":4},"end":{"line":17,"column":20}},"6":{"start":{"line":32,"column":4},"end":{"line":35,"column":5}},"7":{"start":{"line":33,"column":6},"end":{"line":33,"column":25}},"8":{"start":{"line":34,"column":6},"end":{"line":34,"column":26}},"9":{"start":{"line":37,"column":4},"end":{"line":44,"column":5}},"10":{"start":{"line":38,"column":6},"end":{"line":38,"column":25}},"11":{"start":{"line":39,"column":6},"end":{"line":39,"column":26}},"12":{"start":{"line":43,"column":6},"end":{"line":43,"column":22}}},"fnMap":{"0":{"name":"(anonymous_0)","decl":{"start":{"line":8,"column":2},"end":{"line":8,"column":3}},"loc":{"start":{"line":8,"column":21},"end":{"line":14,"column":3}}},"1":{"name":"(anonymous_1)","decl":{"start":{"line":16,"column":2},"end":{"line":16,"column":3}},"loc":{"start":{"line":16,"column":17},"end":{"line":18,"column":3}}},"2":{"name":"(anonymous_2)","decl":{"start":{"line":21,"column":2},"end":{"line":21,"column":3}},"loc":{"start":{"line":21,"column":9},"end":{"line":22,"column":3}}},"3":{"name":"(anonymous_3)","decl":{"start":{"line":24,"column":2},"end":{"line":24,"column":3}},"loc":{"start":{"line":24,"column":13},"end":{"line":25,"column":3}}},"4":{"name":"(anonymous_4)","decl":{"start":{"line":31,"column":2},"end":{"line":31,"column":3}},"loc":{"start":{"line":31,"column":18},"end":{"line":45,"column":3}}}},"branchMap":{"0":{"loc":{"start":{"line":32,"column":4},"end":{"line":35,"column":5}},"type":"if","locations":[{"start":{"line":32,"column":4},"end":{"line":35,"column":5}},{"start":{"line":32,"column":4},"end":{"line":35,"column":5}}]},"1":{"loc":{"start":{"line":37,"column":4},"end":{"line":44,"column":5}},"type":"if","locations":[{"start":{"line":37,"column":4},"end":{"line":44,"column":5}},{"start":{"line":37,"column":4},"end":{"line":44,"column":5}}]}},"s":{"0":11,"1":11,"2":11,"3":11,"4":11,"5":0,"6":3,"7":0,"8":0,"9":3,"10":3,"11":3,"12":3},"f":{"0":11,"1":0,"2":3,"3":0,"4":3},"b":{"0":[0,3],"1":[3,0]},"_coverageSchema":"332fd63041d2c1bcb487cc26dd0d5f7d97098a6c","hash":"5d3c4522d059ff40da4475fb07e8d642b801fbee"}
,"/home/vasi/prog/js/react/best-bs/src/components/dlg/cancel.js": {"path":"/home/vasi/prog/js/react/best-bs/src/components/dlg/cancel.js","statementMap":{"0":{"start":{"line":4,"column":2},"end":{"line":8,"column":4}},"1":{"start":{"line":5,"column":4},"end":{"line":7,"column":7}}},"fnMap":{"0":{"name":"cancel","decl":{"start":{"line":3,"column":24},"end":{"line":3,"column":30}},"loc":{"start":{"line":3,"column":33},"end":{"line":9,"column":1}}},"1":{"name":"(anonymous_1)","decl":{"start":{"line":4,"column":9},"end":{"line":4,"column":10}},"loc":{"start":{"line":4,"column":23},"end":{"line":8,"column":3}}}},"branchMap":{},"s":{"0":1,"1":1},"f":{"0":1,"1":1},"b":{},"_coverageSchema":"332fd63041d2c1bcb487cc26dd0d5f7d97098a6c","hash":"027c811008a49657fdb2693ef2fece34a63fe536"}
,"/home/vasi/prog/js/react/best-bs/src/components/dlg/mapDlg.js": {"path":"/home/vasi/prog/js/react/best-bs/src/components/dlg/mapDlg.js","statementMap":{"0":{"start":{"line":12,"column":13},"end":{"line":12,"column":22}},"1":{"start":{"line":14,"column":0},"end":{"line":14,"column":47}},"2":{"start":{"line":15,"column":0},"end":{"line":15,"column":53}},"3":{"start":{"line":16,"column":0},"end":{"line":16,"column":55}},"4":{"start":{"line":17,"column":0},"end":{"line":17,"column":67}},"5":{"start":{"line":18,"column":0},"end":{"line":18,"column":49}},"6":{"start":{"line":19,"column":0},"end":{"line":19,"column":37}}},"fnMap":{},"branchMap":{},"s":{"0":20,"1":20,"2":20,"3":20,"4":20,"5":20,"6":20},"f":{},"b":{},"_coverageSchema":"332fd63041d2c1bcb487cc26dd0d5f7d97098a6c","hash":"792f5455e0428b4e60e06a71213504e6428889ad"}
,"/home/vasi/prog/js/react/best-bs/src/components/dlg/DiscountByGroupT/actions.js": {"path":"/home/vasi/prog/js/react/best-bs/src/components/dlg/DiscountByGroupT/actions.js","statementMap":{"0":{"start":{"line":6,"column":2},"end":{"line":35,"column":4}},"1":{"start":{"line":7,"column":4},"end":{"line":7,"column":51}},"2":{"start":{"line":8,"column":14},"end":{"line":8,"column":35}},"3":{"start":{"line":9,"column":23},"end":{"line":9,"column":32}},"4":{"start":{"line":10,"column":15},"end":{"line":11,"column":59}},"5":{"start":{"line":13,"column":4},"end":{"line":34,"column":9}},"6":{"start":{"line":22,"column":8},"end":{"line":22,"column":31}},"7":{"start":{"line":24,"column":8},"end":{"line":24,"column":54}},"8":{"start":{"line":25,"column":8},"end":{"line":30,"column":13}},"9":{"start":{"line":31,"column":8},"end":{"line":31,"column":55}},"10":{"start":{"line":33,"column":8},"end":{"line":33,"column":66}}},"fnMap":{"0":{"name":"ok","decl":{"start":{"line":5,"column":16},"end":{"line":5,"column":18}},"loc":{"start":{"line":5,"column":35},"end":{"line":36,"column":1}}},"1":{"name":"(anonymous_1)","decl":{"start":{"line":6,"column":9},"end":{"line":6,"column":10}},"loc":{"start":{"line":6,"column":23},"end":{"line":35,"column":3}}},"2":{"name":"(anonymous_2)","decl":{"start":{"line":21,"column":14},"end":{"line":21,"column":15}},"loc":{"start":{"line":21,"column":34},"end":{"line":23,"column":7}}},"3":{"name":"(anonymous_3)","decl":{"start":{"line":23,"column":14},"end":{"line":23,"column":15}},"loc":{"start":{"line":23,"column":30},"end":{"line":32,"column":7}}},"4":{"name":"(anonymous_4)","decl":{"start":{"line":32,"column":15},"end":{"line":32,"column":16}},"loc":{"start":{"line":32,"column":29},"end":{"line":34,"column":7}}}},"branchMap":{},"s":{"0":2,"1":2,"2":2,"3":2,"4":2,"5":2,"6":2,"7":2,"8":2,"9":2,"10":0},"f":{"0":2,"1":2,"2":2,"3":2,"4":0},"b":{},"_coverageSchema":"332fd63041d2c1bcb487cc26dd0d5f7d97098a6c","hash":"2e9690fd6f693b4ca9e66a754af90ab003997be0"}
,"/home/vasi/prog/js/react/best-bs/src/components/dlg/DiscountByGroupT/dlg.js": {"path":"/home/vasi/prog/js/react/best-bs/src/components/dlg/DiscountByGroupT/dlg.js","statementMap":{"0":{"start":{"line":12,"column":16},"end":{"line":12,"column":42}},"1":{"start":{"line":13,"column":4},"end":{"line":13,"column":74}}},"fnMap":{"0":{"name":"(anonymous_0)","decl":{"start":{"line":11,"column":2},"end":{"line":11,"column":3}},"loc":{"start":{"line":11,"column":16},"end":{"line":14,"column":3}}}},"branchMap":{},"s":{"0":20,"1":20},"f":{"0":20},"b":{},"_coverageSchema":"332fd63041d2c1bcb487cc26dd0d5f7d97098a6c","hash":"bf66d04f13b53e52eb10c577377347a0afdccc18"}
,"/home/vasi/prog/js/react/best-bs/src/components/dlg/DiscountByGroupT/widget.js": {"path":"/home/vasi/prog/js/react/best-bs/src/components/dlg/DiscountByGroupT/widget.js","statementMap":{"0":{"start":{"line":11,"column":4},"end":{"line":11,"column":17}},"1":{"start":{"line":12,"column":4},"end":{"line":12,"column":36}},"2":{"start":{"line":16,"column":4},"end":{"line":16,"column":52}},"3":{"start":{"line":20,"column":4},"end":{"line":38,"column":6}},"4":{"start":{"line":42,"column":0},"end":{"line":45,"column":2}},"5":{"start":{"line":47,"column":0},"end":{"line":50,"column":2}}},"fnMap":{"0":{"name":"(anonymous_0)","decl":{"start":{"line":10,"column":2},"end":{"line":10,"column":3}},"loc":{"start":{"line":10,"column":21},"end":{"line":13,"column":3}}},"1":{"name":"(anonymous_1)","decl":{"start":{"line":15,"column":2},"end":{"line":15,"column":3}},"loc":{"start":{"line":15,"column":13},"end":{"line":17,"column":3}}},"2":{"name":"(anonymous_2)","decl":{"start":{"line":19,"column":2},"end":{"line":19,"column":3}},"loc":{"start":{"line":19,"column":11},"end":{"line":39,"column":3}}}},"branchMap":{},"s":{"0":1,"1":1,"2":0,"3":1,"4":21,"5":21},"f":{"0":1,"1":0,"2":1},"b":{},"_coverageSchema":"332fd63041d2c1bcb487cc26dd0d5f7d97098a6c","hash":"61173fb3ab48f0bf938f74e330001ca0006b4dc6"}
,"/home/vasi/prog/js/react/best-bs/src/components/dlg/DiscountPercent/actions.js": {"path":"/home/vasi/prog/js/react/best-bs/src/components/dlg/DiscountPercent/actions.js","statementMap":{"0":{"start":{"line":5,"column":16},"end":{"line":42,"column":1}},"1":{"start":{"line":6,"column":2},"end":{"line":41,"column":4}},"2":{"start":{"line":7,"column":4},"end":{"line":7,"column":51}},"3":{"start":{"line":8,"column":16},"end":{"line":11,"column":8}},"4":{"start":{"line":12,"column":14},"end":{"line":12,"column":35}},"5":{"start":{"line":13,"column":23},"end":{"line":13,"column":32}},"6":{"start":{"line":14,"column":15},"end":{"line":16,"column":61}},"7":{"start":{"line":18,"column":4},"end":{"line":39,"column":9}},"8":{"start":{"line":27,"column":8},"end":{"line":27,"column":31}},"9":{"start":{"line":29,"column":8},"end":{"line":29,"column":54}},"10":{"start":{"line":30,"column":8},"end":{"line":35,"column":13}},"11":{"start":{"line":36,"column":8},"end":{"line":36,"column":55}},"12":{"start":{"line":38,"column":8},"end":{"line":38,"column":66}}},"fnMap":{"0":{"name":"(anonymous_0)","decl":{"start":{"line":5,"column":16},"end":{"line":5,"column":17}},"loc":{"start":{"line":5,"column":51},"end":{"line":42,"column":1}}},"1":{"name":"(anonymous_1)","decl":{"start":{"line":6,"column":9},"end":{"line":6,"column":10}},"loc":{"start":{"line":6,"column":23},"end":{"line":41,"column":3}}},"2":{"name":"(anonymous_2)","decl":{"start":{"line":26,"column":14},"end":{"line":26,"column":15}},"loc":{"start":{"line":26,"column":34},"end":{"line":28,"column":7}}},"3":{"name":"(anonymous_3)","decl":{"start":{"line":28,"column":14},"end":{"line":28,"column":15}},"loc":{"start":{"line":28,"column":30},"end":{"line":37,"column":7}}},"4":{"name":"(anonymous_4)","decl":{"start":{"line":37,"column":15},"end":{"line":37,"column":16}},"loc":{"start":{"line":37,"column":29},"end":{"line":39,"column":7}}}},"branchMap":{},"s":{"0":20,"1":2,"2":2,"3":2,"4":2,"5":2,"6":2,"7":2,"8":2,"9":2,"10":2,"11":2,"12":0},"f":{"0":2,"1":2,"2":2,"3":2,"4":0},"b":{},"_coverageSchema":"332fd63041d2c1bcb487cc26dd0d5f7d97098a6c","hash":"9496c697b2cc8cfe758812e3b23a0f6e35ce4c9c"}
,"/home/vasi/prog/js/react/best-bs/src/components/dlg/DiscountPercent/dlg.js": {"path":"/home/vasi/prog/js/react/best-bs/src/components/dlg/DiscountPercent/dlg.js","statementMap":{"0":{"start":{"line":12,"column":4},"end":{"line":12,"column":97}}},"fnMap":{"0":{"name":"(anonymous_0)","decl":{"start":{"line":11,"column":2},"end":{"line":11,"column":3}},"loc":{"start":{"line":11,"column":16},"end":{"line":13,"column":3}}}},"branchMap":{},"s":{"0":20},"f":{"0":20},"b":{},"_coverageSchema":"332fd63041d2c1bcb487cc26dd0d5f7d97098a6c","hash":"42c642d4bb52cadd5d44ce112dae664401884347"}
,"/home/vasi/prog/js/react/best-bs/src/components/dlg/DiscountPercent/widget.js": {"path":"/home/vasi/prog/js/react/best-bs/src/components/dlg/DiscountPercent/widget.js","statementMap":{"0":{"start":{"line":13,"column":4},"end":{"line":13,"column":17}},"1":{"start":{"line":14,"column":4},"end":{"line":16,"column":6}},"2":{"start":{"line":17,"column":4},"end":{"line":17,"column":36}},"3":{"start":{"line":18,"column":4},"end":{"line":18,"column":34}},"4":{"start":{"line":22,"column":4},"end":{"line":22,"column":77}},"5":{"start":{"line":26,"column":4},"end":{"line":30,"column":5}},"6":{"start":{"line":27,"column":6},"end":{"line":27,"column":31}},"7":{"start":{"line":28,"column":6},"end":{"line":28,"column":51}},"8":{"start":{"line":29,"column":6},"end":{"line":29,"column":32}},"9":{"start":{"line":34,"column":4},"end":{"line":64,"column":6}},"10":{"start":{"line":68,"column":0},"end":{"line":71,"column":2}},"11":{"start":{"line":73,"column":0},"end":{"line":76,"column":2}}},"fnMap":{"0":{"name":"(anonymous_0)","decl":{"start":{"line":12,"column":2},"end":{"line":12,"column":3}},"loc":{"start":{"line":12,"column":21},"end":{"line":19,"column":3}}},"1":{"name":"(anonymous_1)","decl":{"start":{"line":21,"column":2},"end":{"line":21,"column":3}},"loc":{"start":{"line":21,"column":13},"end":{"line":23,"column":3}}},"2":{"name":"(anonymous_2)","decl":{"start":{"line":25,"column":2},"end":{"line":25,"column":3}},"loc":{"start":{"line":25,"column":16},"end":{"line":31,"column":3}}},"3":{"name":"(anonymous_3)","decl":{"start":{"line":33,"column":2},"end":{"line":33,"column":3}},"loc":{"start":{"line":33,"column":11},"end":{"line":65,"column":3}}}},"branchMap":{"0":{"loc":{"start":{"line":26,"column":4},"end":{"line":30,"column":5}},"type":"if","locations":[{"start":{"line":26,"column":4},"end":{"line":30,"column":5}},{"start":{"line":26,"column":4},"end":{"line":30,"column":5}}]}},"s":{"0":4,"1":4,"2":4,"3":4,"4":1,"5":4,"6":3,"7":3,"8":3,"9":4,"10":22,"11":22},"f":{"0":4,"1":1,"2":4,"3":4},"b":{"0":[3,1]},"_coverageSchema":"332fd63041d2c1bcb487cc26dd0d5f7d97098a6c","hash":"a11c5af01b5b8fa7326cfeada23f65f6b4157e70"}
,"/home/vasi/prog/js/react/best-bs/src/components/dlg/DiscountPercentOnTovar/actions.js": {"path":"/home/vasi/prog/js/react/best-bs/src/components/dlg/DiscountPercentOnTovar/actions.js","statementMap":{"0":{"start":{"line":5,"column":18},"end":{"line":37,"column":1}},"1":{"start":{"line":6,"column":2},"end":{"line":36,"column":4}},"2":{"start":{"line":7,"column":4},"end":{"line":7,"column":51}},"3":{"start":{"line":8,"column":14},"end":{"line":8,"column":35}},"4":{"start":{"line":10,"column":23},"end":{"line":10,"column":32}},"5":{"start":{"line":11,"column":15},"end":{"line":12,"column":59}},"6":{"start":{"line":14,"column":4},"end":{"line":35,"column":9}},"7":{"start":{"line":23,"column":8},"end":{"line":23,"column":31}},"8":{"start":{"line":25,"column":8},"end":{"line":25,"column":54}},"9":{"start":{"line":26,"column":8},"end":{"line":31,"column":13}},"10":{"start":{"line":32,"column":8},"end":{"line":32,"column":55}},"11":{"start":{"line":34,"column":8},"end":{"line":34,"column":66}}},"fnMap":{"0":{"name":"(anonymous_0)","decl":{"start":{"line":5,"column":18},"end":{"line":5,"column":19}},"loc":{"start":{"line":5,"column":44},"end":{"line":37,"column":1}}},"1":{"name":"(anonymous_1)","decl":{"start":{"line":6,"column":9},"end":{"line":6,"column":10}},"loc":{"start":{"line":6,"column":23},"end":{"line":36,"column":3}}},"2":{"name":"(anonymous_2)","decl":{"start":{"line":22,"column":14},"end":{"line":22,"column":15}},"loc":{"start":{"line":22,"column":34},"end":{"line":24,"column":7}}},"3":{"name":"(anonymous_3)","decl":{"start":{"line":24,"column":14},"end":{"line":24,"column":15}},"loc":{"start":{"line":24,"column":30},"end":{"line":33,"column":7}}},"4":{"name":"(anonymous_4)","decl":{"start":{"line":33,"column":15},"end":{"line":33,"column":16}},"loc":{"start":{"line":33,"column":29},"end":{"line":35,"column":7}}}},"branchMap":{},"s":{"0":20,"1":2,"2":2,"3":2,"4":2,"5":2,"6":2,"7":2,"8":2,"9":2,"10":2,"11":0},"f":{"0":2,"1":2,"2":2,"3":2,"4":0},"b":{},"_coverageSchema":"332fd63041d2c1bcb487cc26dd0d5f7d97098a6c","hash":"acb300d5a570fe6a4b28f1a0b59aa32f63407f61"}
,"/home/vasi/prog/js/react/best-bs/src/components/dlg/DiscountPercentOnTovar/dlg.js": {"path":"/home/vasi/prog/js/react/best-bs/src/components/dlg/DiscountPercentOnTovar/dlg.js","statementMap":{"0":{"start":{"line":12,"column":4},"end":{"line":12,"column":104}}},"fnMap":{"0":{"name":"(anonymous_0)","decl":{"start":{"line":11,"column":2},"end":{"line":11,"column":3}},"loc":{"start":{"line":11,"column":16},"end":{"line":13,"column":3}}}},"branchMap":{},"s":{"0":20},"f":{"0":20},"b":{},"_coverageSchema":"332fd63041d2c1bcb487cc26dd0d5f7d97098a6c","hash":"d178bf4638b766a33863be560776e0e702b6cadc"}
,"/home/vasi/prog/js/react/best-bs/src/components/dlg/DiscountPercentOnTovar/widget.js": {"path":"/home/vasi/prog/js/react/best-bs/src/components/dlg/DiscountPercentOnTovar/widget.js","statementMap":{"0":{"start":{"line":11,"column":4},"end":{"line":11,"column":17}},"1":{"start":{"line":12,"column":4},"end":{"line":12,"column":36}},"2":{"start":{"line":13,"column":4},"end":{"line":13,"column":46}},"3":{"start":{"line":14,"column":4},"end":{"line":14,"column":33}},"4":{"start":{"line":18,"column":4},"end":{"line":23,"column":6}},"5":{"start":{"line":27,"column":21},"end":{"line":31,"column":8}},"6":{"start":{"line":28,"column":8},"end":{"line":30,"column":22}},"7":{"start":{"line":33,"column":4},"end":{"line":33,"column":22}},"8":{"start":{"line":37,"column":4},"end":{"line":73,"column":6}},"9":{"start":{"line":50,"column":38},"end":{"line":50,"column":62}},"10":{"start":{"line":57,"column":41},"end":{"line":57,"column":65}},"11":{"start":{"line":77,"column":0},"end":{"line":80,"column":2}},"12":{"start":{"line":82,"column":0},"end":{"line":85,"column":2}}},"fnMap":{"0":{"name":"(anonymous_0)","decl":{"start":{"line":10,"column":2},"end":{"line":10,"column":3}},"loc":{"start":{"line":10,"column":21},"end":{"line":15,"column":3}}},"1":{"name":"(anonymous_1)","decl":{"start":{"line":17,"column":2},"end":{"line":17,"column":3}},"loc":{"start":{"line":17,"column":13},"end":{"line":24,"column":3}}},"2":{"name":"(anonymous_2)","decl":{"start":{"line":26,"column":2},"end":{"line":26,"column":3}},"loc":{"start":{"line":26,"column":18},"end":{"line":34,"column":3}}},"3":{"name":"(anonymous_3)","decl":{"start":{"line":27,"column":49},"end":{"line":27,"column":50}},"loc":{"start":{"line":27,"column":72},"end":{"line":31,"column":7}}},"4":{"name":"(anonymous_4)","decl":{"start":{"line":36,"column":2},"end":{"line":36,"column":3}},"loc":{"start":{"line":36,"column":11},"end":{"line":74,"column":3}}},"5":{"name":"(anonymous_5)","decl":{"start":{"line":50,"column":30},"end":{"line":50,"column":31}},"loc":{"start":{"line":50,"column":38},"end":{"line":50,"column":62}}},"6":{"name":"(anonymous_6)","decl":{"start":{"line":57,"column":32},"end":{"line":57,"column":33}},"loc":{"start":{"line":57,"column":39},"end":{"line":57,"column":67}}}},"branchMap":{},"s":{"0":0,"1":0,"2":0,"3":0,"4":0,"5":0,"6":0,"7":0,"8":0,"9":0,"10":0,"11":20,"12":20},"f":{"0":0,"1":0,"2":0,"3":0,"4":0,"5":0,"6":0},"b":{},"_coverageSchema":"332fd63041d2c1bcb487cc26dd0d5f7d97098a6c","hash":"1e05c770902d05742e83cad0b6bcf50e1e844030"}
,"/home/vasi/prog/js/react/best-bs/src/components/dlg/DiscountSumma/actions.js": {"path":"/home/vasi/prog/js/react/best-bs/src/components/dlg/DiscountSumma/actions.js","statementMap":{"0":{"start":{"line":12,"column":16},"end":{"line":48,"column":1}},"1":{"start":{"line":13,"column":2},"end":{"line":47,"column":4}},"2":{"start":{"line":14,"column":4},"end":{"line":14,"column":51}},"3":{"start":{"line":15,"column":16},"end":{"line":18,"column":6}},"4":{"start":{"line":19,"column":14},"end":{"line":19,"column":35}},"5":{"start":{"line":20,"column":23},"end":{"line":20,"column":32}},"6":{"start":{"line":21,"column":15},"end":{"line":23,"column":57}},"7":{"start":{"line":25,"column":4},"end":{"line":46,"column":7}},"8":{"start":{"line":34,"column":6},"end":{"line":34,"column":29}},"9":{"start":{"line":36,"column":6},"end":{"line":36,"column":52}},"10":{"start":{"line":37,"column":6},"end":{"line":42,"column":9}},"11":{"start":{"line":43,"column":6},"end":{"line":43,"column":53}},"12":{"start":{"line":45,"column":6},"end":{"line":45,"column":64}}},"fnMap":{"0":{"name":"(anonymous_0)","decl":{"start":{"line":12,"column":16},"end":{"line":12,"column":17}},"loc":{"start":{"line":12,"column":49},"end":{"line":48,"column":1}}},"1":{"name":"(anonymous_1)","decl":{"start":{"line":13,"column":9},"end":{"line":13,"column":10}},"loc":{"start":{"line":13,"column":23},"end":{"line":47,"column":3}}},"2":{"name":"(anonymous_2)","decl":{"start":{"line":33,"column":12},"end":{"line":33,"column":13}},"loc":{"start":{"line":33,"column":32},"end":{"line":35,"column":5}}},"3":{"name":"(anonymous_3)","decl":{"start":{"line":35,"column":12},"end":{"line":35,"column":13}},"loc":{"start":{"line":35,"column":28},"end":{"line":44,"column":5}}},"4":{"name":"(anonymous_4)","decl":{"start":{"line":44,"column":13},"end":{"line":44,"column":14}},"loc":{"start":{"line":44,"column":27},"end":{"line":46,"column":5}}}},"branchMap":{},"s":{"0":20,"1":2,"2":2,"3":2,"4":2,"5":2,"6":2,"7":2,"8":2,"9":2,"10":2,"11":2,"12":0},"f":{"0":2,"1":2,"2":2,"3":2,"4":0},"b":{},"_coverageSchema":"332fd63041d2c1bcb487cc26dd0d5f7d97098a6c","hash":"f7c76f78c6fd438a3634da064954363fefd4c1a0"}
,"/home/vasi/prog/js/react/best-bs/src/components/dlg/DiscountSumma/dlg.js": {"path":"/home/vasi/prog/js/react/best-bs/src/components/dlg/DiscountSumma/dlg.js","statementMap":{"0":{"start":{"line":12,"column":4},"end":{"line":12,"column":82}}},"fnMap":{"0":{"name":"(anonymous_0)","decl":{"start":{"line":11,"column":2},"end":{"line":11,"column":3}},"loc":{"start":{"line":11,"column":16},"end":{"line":13,"column":3}}}},"branchMap":{},"s":{"0":20},"f":{"0":20},"b":{},"_coverageSchema":"332fd63041d2c1bcb487cc26dd0d5f7d97098a6c","hash":"845dac3d75c3165da1f199b1ea8a64d5689788c1"}
,"/home/vasi/prog/js/react/best-bs/src/components/dlg/DiscountSumma/widget.js": {"path":"/home/vasi/prog/js/react/best-bs/src/components/dlg/DiscountSumma/widget.js","statementMap":{"0":{"start":{"line":12,"column":4},"end":{"line":12,"column":17}},"1":{"start":{"line":13,"column":4},"end":{"line":15,"column":6}},"2":{"start":{"line":16,"column":4},"end":{"line":16,"column":36}},"3":{"start":{"line":17,"column":4},"end":{"line":17,"column":34}},"4":{"start":{"line":21,"column":4},"end":{"line":21,"column":75}},"5":{"start":{"line":25,"column":4},"end":{"line":29,"column":5}},"6":{"start":{"line":26,"column":6},"end":{"line":26,"column":29}},"7":{"start":{"line":27,"column":6},"end":{"line":27,"column":47}},"8":{"start":{"line":28,"column":6},"end":{"line":28,"column":30}},"9":{"start":{"line":33,"column":4},"end":{"line":60,"column":15}},"10":{"start":{"line":64,"column":0},"end":{"line":67,"column":2}},"11":{"start":{"line":69,"column":0},"end":{"line":72,"column":2}}},"fnMap":{"0":{"name":"(anonymous_0)","decl":{"start":{"line":11,"column":2},"end":{"line":11,"column":3}},"loc":{"start":{"line":11,"column":21},"end":{"line":18,"column":3}}},"1":{"name":"(anonymous_1)","decl":{"start":{"line":20,"column":2},"end":{"line":20,"column":3}},"loc":{"start":{"line":20,"column":13},"end":{"line":22,"column":3}}},"2":{"name":"(anonymous_2)","decl":{"start":{"line":24,"column":2},"end":{"line":24,"column":3}},"loc":{"start":{"line":24,"column":16},"end":{"line":30,"column":3}}},"3":{"name":"(anonymous_3)","decl":{"start":{"line":32,"column":2},"end":{"line":32,"column":3}},"loc":{"start":{"line":32,"column":11},"end":{"line":61,"column":3}}}},"branchMap":{"0":{"loc":{"start":{"line":25,"column":4},"end":{"line":29,"column":5}},"type":"if","locations":[{"start":{"line":25,"column":4},"end":{"line":29,"column":5}},{"start":{"line":25,"column":4},"end":{"line":29,"column":5}}]}},"s":{"0":3,"1":3,"2":3,"3":3,"4":1,"5":3,"6":3,"7":3,"8":3,"9":3,"10":21,"11":21},"f":{"0":3,"1":1,"2":3,"3":3},"b":{"0":[3,0]},"_coverageSchema":"332fd63041d2c1bcb487cc26dd0d5f7d97098a6c","hash":"c0a9862bacfb81e06c6f0a2775f209fc9ea61d4f"}
,"/home/vasi/prog/js/react/best-bs/src/components/dlg/MessageError/dlg.js": {"path":"/home/vasi/prog/js/react/best-bs/src/components/dlg/MessageError/dlg.js","statementMap":{"0":{"start":{"line":11,"column":15},"end":{"line":11,"column":17}},"1":{"start":{"line":12,"column":4},"end":{"line":12,"column":50}},"2":{"start":{"line":16,"column":4},"end":{"line":16,"column":29}},"3":{"start":{"line":17,"column":4},"end":{"line":25,"column":7}}},"fnMap":{"0":{"name":"(anonymous_0)","decl":{"start":{"line":10,"column":2},"end":{"line":10,"column":3}},"loc":{"start":{"line":10,"column":16},"end":{"line":13,"column":3}}},"1":{"name":"(anonymous_1)","decl":{"start":{"line":15,"column":2},"end":{"line":15,"column":3}},"loc":{"start":{"line":15,"column":26},"end":{"line":26,"column":3}}}},"branchMap":{},"s":{"0":21,"1":21,"2":1,"3":1},"f":{"0":21,"1":1},"b":{},"_coverageSchema":"332fd63041d2c1bcb487cc26dd0d5f7d97098a6c","hash":"0a22136d3666bd2a77dd1108800a002e40fc75c0"}
,"/home/vasi/prog/js/react/best-bs/src/components/dlg/MessageError/widget.js": {"path":"/home/vasi/prog/js/react/best-bs/src/components/dlg/MessageError/widget.js","statementMap":{"0":{"start":{"line":11,"column":4},"end":{"line":11,"column":17}},"1":{"start":{"line":12,"column":4},"end":{"line":12,"column":36}},"2":{"start":{"line":16,"column":4},"end":{"line":16,"column":23}},"3":{"start":{"line":20,"column":4},"end":{"line":20,"column":16}},"4":{"start":{"line":24,"column":4},"end":{"line":46,"column":6}},"5":{"start":{"line":39,"column":32},"end":{"line":39,"column":49}},"6":{"start":{"line":49,"column":0},"end":{"line":51,"column":2}},"7":{"start":{"line":53,"column":0},"end":{"line":55,"column":2}}},"fnMap":{"0":{"name":"(anonymous_0)","decl":{"start":{"line":10,"column":2},"end":{"line":10,"column":3}},"loc":{"start":{"line":10,"column":21},"end":{"line":13,"column":3}}},"1":{"name":"(anonymous_1)","decl":{"start":{"line":15,"column":2},"end":{"line":15,"column":3}},"loc":{"start":{"line":15,"column":22},"end":{"line":17,"column":3}}},"2":{"name":"(anonymous_2)","decl":{"start":{"line":19,"column":2},"end":{"line":19,"column":3}},"loc":{"start":{"line":19,"column":13},"end":{"line":21,"column":3}}},"3":{"name":"(anonymous_3)","decl":{"start":{"line":23,"column":2},"end":{"line":23,"column":3}},"loc":{"start":{"line":23,"column":11},"end":{"line":46,"column":7}}},"4":{"name":"(anonymous_4)","decl":{"start":{"line":39,"column":24},"end":{"line":39,"column":25}},"loc":{"start":{"line":39,"column":32},"end":{"line":39,"column":49}}}},"branchMap":{},"s":{"0":0,"1":0,"2":0,"3":0,"4":0,"5":0,"6":21,"7":21},"f":{"0":0,"1":0,"2":0,"3":0,"4":0},"b":{},"_coverageSchema":"332fd63041d2c1bcb487cc26dd0d5f7d97098a6c","hash":"8e53da780d45973b05b802e6c5881833a06f8eaf"}
,"/home/vasi/prog/js/react/best-bs/src/components/dlg/Payment/actions.js": {"path":"/home/vasi/prog/js/react/best-bs/src/components/dlg/Payment/actions.js","statementMap":{"0":{"start":{"line":14,"column":16},"end":{"line":27,"column":1}},"1":{"start":{"line":15,"column":2},"end":{"line":26,"column":4}},"2":{"start":{"line":16,"column":4},"end":{"line":16,"column":51}},"3":{"start":{"line":17,"column":4},"end":{"line":17,"column":23}},"4":{"start":{"line":18,"column":4},"end":{"line":18,"column":29}},"5":{"start":{"line":25,"column":4},"end":{"line":25,"column":51}}},"fnMap":{"0":{"name":"(anonymous_0)","decl":{"start":{"line":14,"column":16},"end":{"line":14,"column":17}},"loc":{"start":{"line":14,"column":62},"end":{"line":27,"column":1}}},"1":{"name":"(anonymous_1)","decl":{"start":{"line":15,"column":9},"end":{"line":15,"column":10}},"loc":{"start":{"line":15,"column":23},"end":{"line":26,"column":3}}}},"branchMap":{},"s":{"0":21,"1":1,"2":1,"3":1,"4":1,"5":1},"f":{"0":1,"1":1},"b":{},"_coverageSchema":"332fd63041d2c1bcb487cc26dd0d5f7d97098a6c","hash":"c188f729a8db71b1af10dd13134289cb0a8d12f3"}
,"/home/vasi/prog/js/react/best-bs/src/components/dlg/Payment/dlg.js": {"path":"/home/vasi/prog/js/react/best-bs/src/components/dlg/Payment/dlg.js","statementMap":{"0":{"start":{"line":12,"column":4},"end":{"line":12,"column":66}}},"fnMap":{"0":{"name":"(anonymous_0)","decl":{"start":{"line":11,"column":2},"end":{"line":11,"column":3}},"loc":{"start":{"line":11,"column":16},"end":{"line":13,"column":3}}}},"branchMap":{},"s":{"0":20},"f":{"0":20},"b":{},"_coverageSchema":"332fd63041d2c1bcb487cc26dd0d5f7d97098a6c","hash":"e17787d63b338e0c69d59b387de9ba2c1ed85c82"}
,"/home/vasi/prog/js/react/best-bs/src/components/dlg/Payment/widget.js": {"path":"/home/vasi/prog/js/react/best-bs/src/components/dlg/Payment/widget.js","statementMap":{"0":{"start":{"line":12,"column":4},"end":{"line":12,"column":17}},"1":{"start":{"line":13,"column":4},"end":{"line":15,"column":6}},"2":{"start":{"line":16,"column":4},"end":{"line":16,"column":36}},"3":{"start":{"line":17,"column":4},"end":{"line":17,"column":34}},"4":{"start":{"line":21,"column":4},"end":{"line":21,"column":99}},"5":{"start":{"line":25,"column":4},"end":{"line":29,"column":5}},"6":{"start":{"line":26,"column":6},"end":{"line":26,"column":29}},"7":{"start":{"line":27,"column":6},"end":{"line":27,"column":47}},"8":{"start":{"line":28,"column":6},"end":{"line":28,"column":30}},"9":{"start":{"line":33,"column":4},"end":{"line":62,"column":15}},"10":{"start":{"line":66,"column":0},"end":{"line":70,"column":2}},"11":{"start":{"line":72,"column":0},"end":{"line":79,"column":2}}},"fnMap":{"0":{"name":"(anonymous_0)","decl":{"start":{"line":11,"column":2},"end":{"line":11,"column":3}},"loc":{"start":{"line":11,"column":21},"end":{"line":18,"column":3}}},"1":{"name":"(anonymous_1)","decl":{"start":{"line":20,"column":2},"end":{"line":20,"column":3}},"loc":{"start":{"line":20,"column":13},"end":{"line":22,"column":3}}},"2":{"name":"(anonymous_2)","decl":{"start":{"line":24,"column":2},"end":{"line":24,"column":3}},"loc":{"start":{"line":24,"column":16},"end":{"line":30,"column":3}}},"3":{"name":"(anonymous_3)","decl":{"start":{"line":32,"column":2},"end":{"line":32,"column":3}},"loc":{"start":{"line":32,"column":11},"end":{"line":63,"column":3}}}},"branchMap":{"0":{"loc":{"start":{"line":25,"column":4},"end":{"line":29,"column":5}},"type":"if","locations":[{"start":{"line":25,"column":4},"end":{"line":29,"column":5}},{"start":{"line":25,"column":4},"end":{"line":29,"column":5}}]}},"s":{"0":3,"1":3,"2":3,"3":3,"4":1,"5":3,"6":3,"7":3,"8":3,"9":3,"10":21,"11":21},"f":{"0":3,"1":1,"2":3,"3":3},"b":{"0":[3,0]},"_coverageSchema":"332fd63041d2c1bcb487cc26dd0d5f7d97098a6c","hash":"f35314359d4d574d88d946f2962c4de3ae6a6104"}
,"/home/vasi/prog/js/react/best-bs/src/components/doc/mapDiscountDlg.js": {"path":"/home/vasi/prog/js/react/best-bs/src/components/doc/mapDiscountDlg.js","statementMap":{"0":{"start":{"line":3,"column":18},"end":{"line":3,"column":27}},"1":{"start":{"line":4,"column":0},"end":{"line":8,"column":65}}},"fnMap":{},"branchMap":{},"s":{"0":1,"1":1},"f":{},"b":{},"_coverageSchema":"332fd63041d2c1bcb487cc26dd0d5f7d97098a6c","hash":"2110a50ac4d2e212f94386ef50965c1697d948b5"}
,"/home/vasi/prog/js/react/best-bs/src/components/util/Menu.js": {"path":"/home/vasi/prog/js/react/best-bs/src/components/util/Menu.js","statementMap":{"0":{"start":{"line":14,"column":4},"end":{"line":14,"column":17}},"1":{"start":{"line":15,"column":4},"end":{"line":15,"column":44}},"2":{"start":{"line":19,"column":4},"end":{"line":25,"column":6}},"3":{"start":{"line":20,"column":6},"end":{"line":24,"column":8}},"4":{"start":{"line":29,"column":4},"end":{"line":43,"column":6}},"5":{"start":{"line":47,"column":0},"end":{"line":50,"column":2}},"6":{"start":{"line":52,"column":0},"end":{"line":55,"column":2}}},"fnMap":{"0":{"name":"(anonymous_0)","decl":{"start":{"line":13,"column":2},"end":{"line":13,"column":3}},"loc":{"start":{"line":13,"column":21},"end":{"line":16,"column":3}}},"1":{"name":"(anonymous_1)","decl":{"start":{"line":18,"column":2},"end":{"line":18,"column":3}},"loc":{"start":{"line":18,"column":17},"end":{"line":26,"column":3}}},"2":{"name":"(anonymous_2)","decl":{"start":{"line":19,"column":36},"end":{"line":19,"column":37}},"loc":{"start":{"line":20,"column":6},"end":{"line":24,"column":8}}},"3":{"name":"(anonymous_3)","decl":{"start":{"line":28,"column":2},"end":{"line":28,"column":3}},"loc":{"start":{"line":28,"column":11},"end":{"line":44,"column":3}}}},"branchMap":{},"s":{"0":3,"1":3,"2":3,"3":6,"4":3,"5":1,"6":1},"f":{"0":3,"1":3,"2":6,"3":3},"b":{},"_coverageSchema":"332fd63041d2c1bcb487cc26dd0d5f7d97098a6c","hash":"033d7a0bf639a4aafcf44107a9034367b009470f"}
,"/home/vasi/prog/js/react/best-bs/src/components/util/MenuItem.js": {"path":"/home/vasi/prog/js/react/best-bs/src/components/util/MenuItem.js","statementMap":{"0":{"start":{"line":11,"column":4},"end":{"line":11,"column":17}},"1":{"start":{"line":12,"column":4},"end":{"line":12,"column":42}},"2":{"start":{"line":16,"column":4},"end":{"line":16,"column":25}},"3":{"start":{"line":20,"column":4},"end":{"line":25,"column":10}},"4":{"start":{"line":29,"column":0},"end":{"line":32,"column":2}},"5":{"start":{"line":34,"column":0},"end":{"line":37,"column":2}}},"fnMap":{"0":{"name":"(anonymous_0)","decl":{"start":{"line":10,"column":2},"end":{"line":10,"column":3}},"loc":{"start":{"line":10,"column":21},"end":{"line":13,"column":3}}},"1":{"name":"(anonymous_1)","decl":{"start":{"line":15,"column":2},"end":{"line":15,"column":3}},"loc":{"start":{"line":15,"column":17},"end":{"line":17,"column":3}}},"2":{"name":"(anonymous_2)","decl":{"start":{"line":19,"column":2},"end":{"line":19,"column":3}},"loc":{"start":{"line":19,"column":11},"end":{"line":26,"column":3}}},"3":{"name":"(anonymous_3)","decl":{"start":{"line":36,"column":11},"end":{"line":36,"column":12}},"loc":{"start":{"line":36,"column":23},"end":{"line":36,"column":25}}}},"branchMap":{},"s":{"0":1,"1":1,"2":1,"3":1,"4":2,"5":2},"f":{"0":1,"1":1,"2":1,"3":0},"b":{},"_coverageSchema":"332fd63041d2c1bcb487cc26dd0d5f7d97098a6c","hash":"418ff530694086e99e0e9c8b4a9afa8dcf431100"}
,"/home/vasi/prog/js/react/best-bs/src/reducers/appReducer.js": {"path":"/home/vasi/prog/js/react/best-bs/src/reducers/appReducer.js","statementMap":{"0":{"start":{"line":3,"column":19},"end":{"line":10,"column":3}},"1":{"start":{"line":13,"column":2},"end":{"line":30,"column":1}},"2":{"start":{"line":16,"column":4},"end":{"line":16,"column":40}},"3":{"start":{"line":18,"column":4},"end":{"line":18,"column":41}},"4":{"start":{"line":20,"column":4},"end":{"line":27,"column":8}},"5":{"start":{"line":29,"column":4},"end":{"line":29,"column":17}}},"fnMap":{"0":{"name":"appReducer","decl":{"start":{"line":12,"column":24},"end":{"line":12,"column":34}},"loc":{"start":{"line":12,"column":65},"end":{"line":32,"column":1}}}},"branchMap":{"0":{"loc":{"start":{"line":12,"column":35},"end":{"line":12,"column":55}},"type":"default-arg","locations":[{"start":{"line":12,"column":43},"end":{"line":12,"column":55}}]},"1":{"loc":{"start":{"line":13,"column":2},"end":{"line":30,"column":1}},"type":"switch","locations":[{"start":{"line":15,"column":2},"end":{"line":16,"column":40}},{"start":{"line":17,"column":2},"end":{"line":18,"column":41}},{"start":{"line":19,"column":2},"end":{"line":27,"column":8}},{"start":{"line":28,"column":2},"end":{"line":29,"column":17}}]}},"s":{"0":1,"1":4,"2":1,"3":1,"4":1,"5":1},"f":{"0":4},"b":{"0":[1],"1":[1,1,1,1]},"_coverageSchema":"332fd63041d2c1bcb487cc26dd0d5f7d97098a6c","hash":"51a4d27c3969e657e10e6b32a785a8cba639a816"}
,"/home/vasi/prog/js/react/best-bs/src/reducers/docReducer.js": {"path":"/home/vasi/prog/js/react/best-bs/src/reducers/docReducer.js","statementMap":{"0":{"start":{"line":3,"column":19},"end":{"line":11,"column":3}},"1":{"start":{"line":14,"column":2},"end":{"line":47,"column":1}},"2":{"start":{"line":17,"column":14},"end":{"line":17,"column":28}},"3":{"start":{"line":18,"column":4},"end":{"line":20,"column":5}},"4":{"start":{"line":19,"column":6},"end":{"line":19,"column":38}},"5":{"start":{"line":22,"column":4},"end":{"line":22,"column":21}},"6":{"start":{"line":23,"column":4},"end":{"line":23,"column":26}},"7":{"start":{"line":24,"column":4},"end":{"line":24,"column":40}},"8":{"start":{"line":28,"column":14},"end":{"line":28,"column":26}},"9":{"start":{"line":29,"column":4},"end":{"line":29,"column":46}},"10":{"start":{"line":30,"column":4},"end":{"line":30,"column":15}},"11":{"start":{"line":34,"column":18},"end":{"line":34,"column":32}},"12":{"start":{"line":35,"column":14},"end":{"line":35,"column":26}},"13":{"start":{"line":37,"column":19},"end":{"line":39,"column":8}},"14":{"start":{"line":38,"column":8},"end":{"line":38,"column":85}},"15":{"start":{"line":41,"column":4},"end":{"line":41,"column":28}},"16":{"start":{"line":42,"column":4},"end":{"line":42,"column":15}},"17":{"start":{"line":46,"column":4},"end":{"line":46,"column":17}}},"fnMap":{"0":{"name":"docReducer","decl":{"start":{"line":13,"column":24},"end":{"line":13,"column":34}},"loc":{"start":{"line":13,"column":65},"end":{"line":49,"column":1}}},"1":{"name":"(anonymous_1)","decl":{"start":{"line":37,"column":39},"end":{"line":37,"column":40}},"loc":{"start":{"line":37,"column":52},"end":{"line":39,"column":7}}}},"branchMap":{"0":{"loc":{"start":{"line":13,"column":35},"end":{"line":13,"column":55}},"type":"default-arg","locations":[{"start":{"line":13,"column":43},"end":{"line":13,"column":55}}]},"1":{"loc":{"start":{"line":14,"column":2},"end":{"line":47,"column":1}},"type":"switch","locations":[{"start":{"line":16,"column":2},"end":{"line":25,"column":3}},{"start":{"line":27,"column":2},"end":{"line":31,"column":3}},{"start":{"line":33,"column":2},"end":{"line":43,"column":3}},{"start":{"line":45,"column":2},"end":{"line":46,"column":17}}]},"2":{"loc":{"start":{"line":18,"column":4},"end":{"line":20,"column":5}},"type":"if","locations":[{"start":{"line":18,"column":4},"end":{"line":20,"column":5}},{"start":{"line":18,"column":4},"end":{"line":20,"column":5}}]},"3":{"loc":{"start":{"line":38,"column":17},"end":{"line":38,"column":83}},"type":"binary-expr","locations":[{"start":{"line":38,"column":17},"end":{"line":38,"column":42}},{"start":{"line":38,"column":46},"end":{"line":38,"column":83}}]}},"s":{"0":1,"1":4,"2":1,"3":1,"4":0,"5":1,"6":1,"7":1,"8":1,"9":1,"10":1,"11":1,"12":1,"13":1,"14":1,"15":1,"16":1,"17":1},"f":{"0":4,"1":1},"b":{"0":[1],"1":[1,1,1,1],"2":[0,1],"3":[1,1]},"_coverageSchema":"332fd63041d2c1bcb487cc26dd0d5f7d97098a6c","hash":"724bc20f7bcc8a33abf860ea2326df5c474a4b26"}
,"/home/vasi/prog/js/react/best-bs/src/reducers/modalReducer.js": {"path":"/home/vasi/prog/js/react/best-bs/src/reducers/modalReducer.js","statementMap":{"0":{"start":{"line":3,"column":19},"end":{"line":6,"column":3}},"1":{"start":{"line":9,"column":2},"end":{"line":20,"column":1}},"2":{"start":{"line":11,"column":4},"end":{"line":11,"column":45}},"3":{"start":{"line":15,"column":4},"end":{"line":15,"column":24}},"4":{"start":{"line":19,"column":4},"end":{"line":19,"column":17}}},"fnMap":{"0":{"name":"modal","decl":{"start":{"line":8,"column":24},"end":{"line":8,"column":29}},"loc":{"start":{"line":8,"column":60},"end":{"line":20,"column":2}}}},"branchMap":{"0":{"loc":{"start":{"line":8,"column":30},"end":{"line":8,"column":50}},"type":"default-arg","locations":[{"start":{"line":8,"column":38},"end":{"line":8,"column":50}}]},"1":{"loc":{"start":{"line":9,"column":2},"end":{"line":20,"column":1}},"type":"switch","locations":[{"start":{"line":10,"column":2},"end":{"line":12,"column":3}},{"start":{"line":14,"column":2},"end":{"line":16,"column":3}},{"start":{"line":18,"column":2},"end":{"line":19,"column":17}}]}},"s":{"0":1,"1":3,"2":2,"3":0,"4":1},"f":{"0":3},"b":{"0":[1],"1":[2,0,1]},"_coverageSchema":"332fd63041d2c1bcb487cc26dd0d5f7d97098a6c","hash":"37adb5720b592e326dadb61da91056e5279a9b1c"}
}
