TN:
SF:/home/vasi/prog/js/react/best-bs/src/constants.js
FNF:0
FNH:0
DA:1,37
DA:42,37
DA:46,37
LF:3
LH:3
BRF:0
BRH:0
end_of_record
TN:
SF:/home/vasi/prog/js/react/best-bs/src/actions/DocActions.js
FN:11,(anonymous_0)
FN:45,(anonymous_1)
FN:46,(anonymous_2)
FN:59,(anonymous_3)
FN:61,(anonymous_4)
FN:74,(anonymous_5)
FN:81,(anonymous_6)
FN:82,(anonymous_7)
FN:95,(anonymous_8)
FN:97,(anonymous_9)
FN:110,(anonymous_10)
FN:116,(anonymous_11)
FN:118,(anonymous_12)
FN:130,(anonymous_13)
FN:132,(anonymous_14)
FN:141,(anonymous_15)
FN:147,(anonymous_16)
FN:148,(anonymous_17)
FN:157,(anonymous_18)
FN:159,(anonymous_19)
FN:170,(anonymous_20)
FN:180,(anonymous_21)
FN:185,(anonymous_22)
FN:189,(anonymous_23)
FNF:24
FNH:13
FNDA:3,(anonymous_0)
FNDA:1,(anonymous_1)
FNDA:1,(anonymous_2)
FNDA:1,(anonymous_3)
FNDA:1,(anonymous_4)
FNDA:0,(anonymous_5)
FNDA:1,(anonymous_6)
FNDA:1,(anonymous_7)
FNDA:1,(anonymous_8)
FNDA:1,(anonymous_9)
FNDA:0,(anonymous_10)
FNDA:1,(anonymous_11)
FNDA:1,(anonymous_12)
FNDA:1,(anonymous_13)
FNDA:1,(anonymous_14)
FNDA:0,(anonymous_15)
FNDA:0,(anonymous_16)
FNDA:0,(anonymous_17)
FNDA:0,(anonymous_18)
FNDA:0,(anonymous_19)
FNDA:0,(anonymous_20)
FNDA:0,(anonymous_21)
FNDA:0,(anonymous_22)
FNDA:0,(anonymous_23)
DA:11,4
DA:12,3
DA:13,3
DA:14,2
DA:15,2
DA:16,1
DA:17,1
DA:18,1
DA:22,3
DA:23,2
DA:29,2
DA:32,3
DA:33,3
DA:45,4
DA:46,1
DA:47,1
DA:50,1
DA:51,1
DA:60,1
DA:62,1
DA:63,0
DA:67,1
DA:71,1
DA:76,0
DA:81,4
DA:82,1
DA:83,1
DA:86,1
DA:87,1
DA:96,1
DA:98,1
DA:99,0
DA:103,1
DA:107,1
DA:111,0
DA:116,4
DA:117,1
DA:118,1
DA:119,1
DA:122,1
DA:131,1
DA:134,1
DA:138,1
DA:142,0
DA:147,4
DA:148,0
DA:149,0
DA:150,0
DA:158,0
DA:160,0
DA:161,0
DA:165,0
DA:169,0
DA:171,0
DA:173,0
DA:181,0
DA:184,0
DA:186,0
DA:187,0
DA:188,0
DA:190,0
DA:191,0
LF:62
LH:40
BRDA:15,0,0,1
BRDA:15,0,1,1
BRDA:22,1,0,2
BRDA:22,1,1,1
BRDA:62,2,0,0
BRDA:62,2,1,1
BRDA:62,3,0,1
BRDA:62,3,1,0
BRDA:98,4,0,0
BRDA:98,4,1,1
BRDA:98,5,0,1
BRDA:98,5,1,0
BRDA:160,6,0,0
BRDA:160,6,1,0
BRDA:160,7,0,0
BRDA:160,7,1,0
BRF:16
BRH:8
end_of_record
TN:
SF:/home/vasi/prog/js/react/best-bs/src/actions/DocsActions.js
FN:8,(anonymous_0)
FN:9,(anonymous_1)
FN:24,(anonymous_2)
FN:26,(anonymous_3)
FN:31,(anonymous_4)
FN:49,(anonymous_5)
FN:55,(anonymous_6)
FN:56,(anonymous_7)
FN:71,(anonymous_8)
FN:73,(anonymous_9)
FN:90,(anonymous_10)
FNF:11
FNH:9
FNDA:1,(anonymous_0)
FNDA:1,(anonymous_1)
FNDA:1,(anonymous_2)
FNDA:1,(anonymous_3)
FNDA:2,(anonymous_4)
FNDA:0,(anonymous_5)
FNDA:1,(anonymous_6)
FNDA:1,(anonymous_7)
FNDA:1,(anonymous_8)
FNDA:1,(anonymous_9)
FNDA:0,(anonymous_10)
DA:8,1
DA:9,1
DA:11,1
DA:14,1
DA:16,1
DA:25,1
DA:27,1
DA:28,0
DA:31,1
DA:32,2
DA:33,2
DA:38,1
DA:46,1
DA:50,0
DA:55,1
DA:56,1
DA:58,1
DA:61,1
DA:63,1
DA:72,1
DA:74,1
DA:75,0
DA:78,1
DA:80,1
DA:85,1
DA:89,1
DA:91,0
LF:27
LH:23
BRDA:27,0,0,0
BRDA:27,0,1,1
BRDA:27,1,0,1
BRDA:27,1,1,0
BRDA:74,2,0,0
BRDA:74,2,1,1
BRDA:74,3,0,1
BRDA:74,3,1,0
BRF:8
BRH:4
end_of_record
TN:
SF:/home/vasi/prog/js/react/best-bs/src/actions/GroupTActions.js
FN:10,selectGroupT
FN:11,(anonymous_1)
FN:20,(anonymous_2)
FN:22,(anonymous_3)
FN:31,(anonymous_4)
FN:43,getAllGoodsByGroupT
FN:44,(anonymous_6)
FN:60,(anonymous_7)
FN:62,(anonymous_8)
FN:72,(anonymous_9)
FNF:10
FNH:8
FNDA:1,selectGroupT
FNDA:1,(anonymous_1)
FNDA:1,(anonymous_2)
FNDA:1,(anonymous_3)
FNDA:0,(anonymous_4)
FNDA:2,getAllGoodsByGroupT
FNDA:2,(anonymous_6)
FNDA:1,(anonymous_7)
FNDA:1,(anonymous_8)
FNDA:0,(anonymous_9)
DA:11,1
DA:12,1
DA:21,1
DA:23,1
DA:24,1
DA:30,1
DA:32,0
DA:44,2
DA:45,2
DA:46,1
DA:49,1
DA:52,1
DA:61,1
DA:63,1
DA:69,1
DA:73,0
LF:16
LH:14
BRDA:10,0,0,0
BRDA:43,1,0,0
BRDA:45,2,0,1
BRDA:45,2,1,1
BRDA:45,3,0,2
BRDA:45,3,1,1
BRF:6
BRH:4
end_of_record
TN:
SF:/home/vasi/prog/js/react/best-bs/src/actions/InitVarActions.js
FN:5,initVar
FN:6,(anonymous_1)
FN:16,(anonymous_2)
FN:18,(anonymous_3)
FN:26,(anonymous_4)
FNF:5
FNH:4
FNDA:1,initVar
FNDA:1,(anonymous_1)
FNDA:1,(anonymous_2)
FNDA:1,(anonymous_3)
FNDA:0,(anonymous_4)
DA:6,1
DA:7,1
DA:10,1
DA:17,1
DA:19,1
DA:23,1
DA:27,0
LF:7
LH:6
BRF:0
BRH:0
end_of_record
TN:
SF:/home/vasi/prog/js/react/best-bs/src/actions/ModalActions.js
FN:4,openDlg
FN:5,(anonymous_1)
FNF:2
FNH:2
FNDA:3,openDlg
FNDA:3,(anonymous_1)
DA:5,3
DA:6,3
DA:7,1
DA:8,1
DA:19,2
DA:20,2
DA:21,1
DA:23,1
DA:26,1
LF:9
LH:9
BRDA:6,0,0,1
BRDA:6,0,1,2
BRDA:20,1,0,1
BRDA:20,1,1,1
BRF:4
BRH:4
end_of_record
TN:
SF:/home/vasi/prog/js/react/best-bs/src/actions/PaymentActions.js
FN:5,(anonymous_0)
FN:6,(anonymous_1)
FN:15,(anonymous_2)
FN:17,(anonymous_3)
FN:22,(anonymous_4)
FN:31,(anonymous_5)
FN:32,(anonymous_6)
FN:44,(anonymous_7)
FN:46,(anonymous_8)
FN:52,(anonymous_9)
FN:62,(anonymous_10)
FN:63,(anonymous_11)
FN:76,(anonymous_12)
FN:78,(anonymous_13)
FN:84,(anonymous_14)
FN:99,(anonymous_15)
FNF:16
FNH:13
FNDA:1,(anonymous_0)
FNDA:1,(anonymous_1)
FNDA:1,(anonymous_2)
FNDA:1,(anonymous_3)
FNDA:0,(anonymous_4)
FNDA:1,(anonymous_5)
FNDA:1,(anonymous_6)
FNDA:1,(anonymous_7)
FNDA:1,(anonymous_8)
FNDA:0,(anonymous_9)
FNDA:1,(anonymous_10)
FNDA:1,(anonymous_11)
FNDA:1,(anonymous_12)
FNDA:1,(anonymous_13)
FNDA:2,(anonymous_14)
FNDA:0,(anonymous_15)
DA:5,3
DA:6,1
DA:7,1
DA:8,1
DA:16,1
DA:18,1
DA:23,0
DA:24,0
DA:25,0
DA:31,3
DA:32,1
DA:33,1
DA:36,1
DA:45,1
DA:48,1
DA:53,0
DA:54,0
DA:55,0
DA:57,0
DA:62,3
DA:63,1
DA:64,1
DA:67,1
DA:68,1
DA:77,1
DA:79,1
DA:80,0
DA:81,0
DA:84,1
DA:85,2
DA:86,2
DA:89,1
DA:96,1
DA:100,0
DA:101,0
DA:102,0
DA:103,0
LF:37
LH:24
BRDA:79,0,0,0
BRDA:79,0,1,1
BRDA:79,1,0,1
BRDA:79,1,1,0
BRF:4
BRH:2
end_of_record
TN:
SF:/home/vasi/prog/js/react/best-bs/src/actions/PriceActions.js
FN:4,getByFeature
FN:5,(anonymous_1)
FN:20,(anonymous_2)
FN:22,(anonymous_3)
FN:33,(anonymous_4)
FN:40,resort
FN:49,setOnRest
FN:58,getByName
FN:59,(anonymous_8)
FN:73,(anonymous_9)
FN:75,(anonymous_10)
FN:86,(anonymous_11)
FNF:12
FNH:10
FNDA:1,getByFeature
FNDA:1,(anonymous_1)
FNDA:1,(anonymous_2)
FNDA:1,(anonymous_3)
FNDA:0,(anonymous_4)
FNDA:1,resort
FNDA:1,setOnRest
FNDA:1,getByName
FNDA:1,(anonymous_8)
FNDA:1,(anonymous_9)
FNDA:1,(anonymous_10)
FNDA:0,(anonymous_11)
DA:5,1
DA:6,1
DA:9,1
DA:12,1
DA:21,1
DA:24,1
DA:30,1
DA:34,0
DA:41,1
DA:50,1
DA:59,1
DA:60,1
DA:63,1
DA:65,1
DA:74,1
DA:77,1
DA:83,1
DA:87,0
LF:18
LH:16
BRF:0
BRH:0
end_of_record
TN:
SF:/home/vasi/prog/js/react/best-bs/src/actions/ProgressActions.js
FN:3,progressShow
FN:10,progressHide
FNF:2
FNH:2
FNDA:1,progressShow
FNDA:1,progressHide
DA:4,1
DA:11,1
LF:2
LH:2
BRF:0
BRH:0
end_of_record
TN:
SF:/home/vasi/prog/js/react/best-bs/src/components/ModalRoot.js
FN:13,(anonymous_0)
FN:27,(anonymous_1)
FNF:2
FNH:1
FNDA:1,(anonymous_0)
FNDA:0,(anonymous_1)
DA:13,1
DA:14,1
DA:15,1
DA:18,0
DA:19,0
DA:22,1
DA:27,0
LF:7
LH:4
BRDA:14,0,0,1
BRDA:14,0,1,0
BRF:2
BRH:1
end_of_record
TN:
SF:/home/vasi/prog/js/react/best-bs/src/components/dlg/ADlg.js
FN:5,(anonymous_0)
FN:14,(anonymous_1)
FN:25,(anonymous_2)
FN:29,(anonymous_3)
FNF:4
FNH:4
FNDA:124,(anonymous_0)
FNDA:5,(anonymous_1)
FNDA:6,(anonymous_2)
FNDA:7,(anonymous_3)
DA:6,124
DA:7,124
DA:8,124
DA:10,124
DA:11,124
DA:15,5
DA:16,5
DA:26,6
DA:30,7
DA:31,7
DA:32,7
LF:11
LH:11
BRDA:7,0,0,103
BRDA:7,0,1,21
BRDA:10,1,0,99
BRDA:10,1,1,25
BRF:4
BRH:4
end_of_record
TN:
SF:/home/vasi/prog/js/react/best-bs/src/components/dlg/AWidgetDlg.js
FN:8,(anonymous_0)
FN:16,(anonymous_1)
FN:21,(anonymous_2)
FN:24,(anonymous_3)
FN:31,(anonymous_4)
FNF:5
FNH:3
FNDA:11,(anonymous_0)
FNDA:0,(anonymous_1)
FNDA:3,(anonymous_2)
FNDA:0,(anonymous_3)
FNDA:3,(anonymous_4)
DA:9,11
DA:10,11
DA:11,11
DA:12,11
DA:13,11
DA:17,0
DA:32,3
DA:33,0
DA:34,0
DA:37,3
DA:38,3
DA:39,3
DA:43,3
LF:13
LH:10
BRDA:32,0,0,0
BRDA:32,0,1,3
BRDA:37,1,0,3
BRDA:37,1,1,0
BRF:4
BRH:2
end_of_record
TN:
SF:/home/vasi/prog/js/react/best-bs/src/components/dlg/cancel.js
FN:3,cancel
FN:4,(anonymous_1)
FNF:2
FNH:2
FNDA:1,cancel
FNDA:1,(anonymous_1)
DA:4,1
DA:5,1
LF:2
LH:2
BRF:0
BRH:0
end_of_record
TN:
SF:/home/vasi/prog/js/react/best-bs/src/components/dlg/mapDlg.js
FNF:0
FNH:0
DA:12,20
DA:14,20
DA:15,20
DA:16,20
DA:17,20
DA:18,20
DA:19,20
LF:7
LH:7
BRF:0
BRH:0
end_of_record
TN:
SF:/home/vasi/prog/js/react/best-bs/src/components/dlg/DiscountByGroupT/actions.js
FN:5,ok
FN:6,(anonymous_1)
FN:21,(anonymous_2)
FN:23,(anonymous_3)
FN:32,(anonymous_4)
FNF:5
FNH:4
FNDA:2,ok
FNDA:2,(anonymous_1)
FNDA:2,(anonymous_2)
FNDA:2,(anonymous_3)
FNDA:0,(anonymous_4)
DA:6,2
DA:7,2
DA:8,2
DA:9,2
DA:10,2
DA:13,2
DA:22,2
DA:24,2
DA:25,2
DA:31,2
DA:33,0
LF:11
LH:10
BRF:0
BRH:0
end_of_record
TN:
SF:/home/vasi/prog/js/react/best-bs/src/components/dlg/DiscountByGroupT/dlg.js
FN:11,(anonymous_0)
FNF:1
FNH:1
FNDA:20,(anonymous_0)
DA:12,20
DA:13,20
LF:2
LH:2
BRF:0
BRH:0
end_of_record
TN:
SF:/home/vasi/prog/js/react/best-bs/src/components/dlg/DiscountByGroupT/widget.js
FN:10,(anonymous_0)
FN:15,(anonymous_1)
FN:19,(anonymous_2)
FNF:3
FNH:2
FNDA:1,(anonymous_0)
FNDA:0,(anonymous_1)
FNDA:1,(anonymous_2)
DA:11,1
DA:12,1
DA:16,0
DA:20,1
DA:42,21
DA:47,21
LF:6
LH:5
BRF:0
BRH:0
end_of_record
TN:
SF:/home/vasi/prog/js/react/best-bs/src/components/dlg/DiscountPercent/actions.js
FN:5,(anonymous_0)
FN:6,(anonymous_1)
FN:26,(anonymous_2)
FN:28,(anonymous_3)
FN:37,(anonymous_4)
FNF:5
FNH:4
FNDA:2,(anonymous_0)
FNDA:2,(anonymous_1)
FNDA:2,(anonymous_2)
FNDA:2,(anonymous_3)
FNDA:0,(anonymous_4)
DA:5,20
DA:6,2
DA:7,2
DA:8,2
DA:12,2
DA:13,2
DA:14,2
DA:18,2
DA:27,2
DA:29,2
DA:30,2
DA:36,2
DA:38,0
LF:13
LH:12
BRF:0
BRH:0
end_of_record
TN:
SF:/home/vasi/prog/js/react/best-bs/src/components/dlg/DiscountPercent/dlg.js
FN:11,(anonymous_0)
FNF:1
FNH:1
FNDA:20,(anonymous_0)
DA:12,20
LF:1
LH:1
BRF:0
BRH:0
end_of_record
TN:
SF:/home/vasi/prog/js/react/best-bs/src/components/dlg/DiscountPercent/widget.js
FN:12,(anonymous_0)
FN:21,(anonymous_1)
FN:25,(anonymous_2)
FN:33,(anonymous_3)
FNF:4
FNH:4
FNDA:4,(anonymous_0)
FNDA:1,(anonymous_1)
FNDA:4,(anonymous_2)
FNDA:4,(anonymous_3)
DA:13,4
DA:14,4
DA:17,4
DA:18,4
DA:22,1
DA:26,4
DA:27,3
DA:28,3
DA:29,3
DA:34,4
DA:68,22
DA:73,22
LF:12
LH:12
BRDA:26,0,0,3
BRDA:26,0,1,1
BRF:2
BRH:2
end_of_record
TN:
SF:/home/vasi/prog/js/react/best-bs/src/components/dlg/DiscountPercentOnTovar/actions.js
FN:5,(anonymous_0)
FN:6,(anonymous_1)
FN:22,(anonymous_2)
FN:24,(anonymous_3)
FN:33,(anonymous_4)
FNF:5
FNH:4
FNDA:2,(anonymous_0)
FNDA:2,(anonymous_1)
FNDA:2,(anonymous_2)
FNDA:2,(anonymous_3)
FNDA:0,(anonymous_4)
DA:5,20
DA:6,2
DA:7,2
DA:8,2
DA:10,2
DA:11,2
DA:14,2
DA:23,2
DA:25,2
DA:26,2
DA:32,2
DA:34,0
LF:12
LH:11
BRF:0
BRH:0
end_of_record
TN:
SF:/home/vasi/prog/js/react/best-bs/src/components/dlg/DiscountPercentOnTovar/dlg.js
FN:11,(anonymous_0)
FNF:1
FNH:1
FNDA:20,(anonymous_0)
DA:12,20
LF:1
LH:1
BRF:0
BRH:0
end_of_record
TN:
SF:/home/vasi/prog/js/react/best-bs/src/components/dlg/DiscountPercentOnTovar/widget.js
FN:10,(anonymous_0)
FN:17,(anonymous_1)
FN:26,(anonymous_2)
FN:27,(anonymous_3)
FN:36,(anonymous_4)
FN:50,(anonymous_5)
FN:57,(anonymous_6)
FNF:7
FNH:0
FNDA:0,(anonymous_0)
FNDA:0,(anonymous_1)
FNDA:0,(anonymous_2)
FNDA:0,(anonymous_3)
FNDA:0,(anonymous_4)
FNDA:0,(anonymous_5)
FNDA:0,(anonymous_6)
DA:11,0
DA:12,0
DA:13,0
DA:14,0
DA:18,0
DA:27,0
DA:28,0
DA:33,0
DA:37,0
DA:50,0
DA:57,0
DA:77,20
DA:82,20
LF:13
LH:2
BRF:0
BRH:0
end_of_record
TN:
SF:/home/vasi/prog/js/react/best-bs/src/components/dlg/DiscountSumma/actions.js
FN:12,(anonymous_0)
FN:13,(anonymous_1)
FN:33,(anonymous_2)
FN:35,(anonymous_3)
FN:44,(anonymous_4)
FNF:5
FNH:4
FNDA:2,(anonymous_0)
FNDA:2,(anonymous_1)
FNDA:2,(anonymous_2)
FNDA:2,(anonymous_3)
FNDA:0,(anonymous_4)
DA:12,20
DA:13,2
DA:14,2
DA:15,2
DA:19,2
DA:20,2
DA:21,2
DA:25,2
DA:34,2
DA:36,2
DA:37,2
DA:43,2
DA:45,0
LF:13
LH:12
BRF:0
BRH:0
end_of_record
TN:
SF:/home/vasi/prog/js/react/best-bs/src/components/dlg/DiscountSumma/dlg.js
FN:11,(anonymous_0)
FNF:1
FNH:1
FNDA:20,(anonymous_0)
DA:12,20
LF:1
LH:1
BRF:0
BRH:0
end_of_record
TN:
SF:/home/vasi/prog/js/react/best-bs/src/components/dlg/DiscountSumma/widget.js
FN:11,(anonymous_0)
FN:20,(anonymous_1)
FN:24,(anonymous_2)
FN:32,(anonymous_3)
FNF:4
FNH:4
FNDA:3,(anonymous_0)
FNDA:1,(anonymous_1)
FNDA:3,(anonymous_2)
FNDA:3,(anonymous_3)
DA:12,3
DA:13,3
DA:16,3
DA:17,3
DA:21,1
DA:25,3
DA:26,3
DA:27,3
DA:28,3
DA:33,3
DA:64,21
DA:69,21
LF:12
LH:12
BRDA:25,0,0,3
BRDA:25,0,1,0
BRF:2
BRH:1
end_of_record
TN:
SF:/home/vasi/prog/js/react/best-bs/src/components/dlg/MessageError/dlg.js
FN:10,(anonymous_0)
FN:15,(anonymous_1)
FNF:2
FNH:2
FNDA:21,(anonymous_0)
FNDA:1,(anonymous_1)
DA:11,21
DA:12,21
DA:16,1
DA:17,1
LF:4
LH:4
BRF:0
BRH:0
end_of_record
TN:
SF:/home/vasi/prog/js/react/best-bs/src/components/dlg/MessageError/widget.js
FN:10,(anonymous_0)
FN:15,(anonymous_1)
FN:19,(anonymous_2)
FN:23,(anonymous_3)
FN:39,(anonymous_4)
FNF:5
FNH:0
FNDA:0,(anonymous_0)
FNDA:0,(anonymous_1)
FNDA:0,(anonymous_2)
FNDA:0,(anonymous_3)
FNDA:0,(anonymous_4)
DA:11,0
DA:12,0
DA:16,0
DA:20,0
DA:24,0
DA:39,0
DA:49,21
DA:53,21
LF:8
LH:2
BRF:0
BRH:0
end_of_record
TN:
SF:/home/vasi/prog/js/react/best-bs/src/components/dlg/Payment/actions.js
FN:14,(anonymous_0)
FN:15,(anonymous_1)
FNF:2
FNH:2
FNDA:1,(anonymous_0)
FNDA:1,(anonymous_1)
DA:14,21
DA:15,1
DA:16,1
DA:17,1
DA:18,1
DA:25,1
LF:6
LH:6
BRF:0
BRH:0
end_of_record
TN:
SF:/home/vasi/prog/js/react/best-bs/src/components/dlg/Payment/dlg.js
FN:11,(anonymous_0)
FNF:1
FNH:1
FNDA:20,(anonymous_0)
DA:12,20
LF:1
LH:1
BRF:0
BRH:0
end_of_record
TN:
SF:/home/vasi/prog/js/react/best-bs/src/components/dlg/Payment/widget.js
FN:11,(anonymous_0)
FN:20,(anonymous_1)
FN:24,(anonymous_2)
FN:32,(anonymous_3)
FNF:4
FNH:4
FNDA:3,(anonymous_0)
FNDA:1,(anonymous_1)
FNDA:3,(anonymous_2)
FNDA:3,(anonymous_3)
DA:12,3
DA:13,3
DA:16,3
DA:17,3
DA:21,1
DA:25,3
DA:26,3
DA:27,3
DA:28,3
DA:33,3
DA:66,21
DA:72,21
LF:12
LH:12
BRDA:25,0,0,3
BRDA:25,0,1,0
BRF:2
BRH:1
end_of_record
TN:
SF:/home/vasi/prog/js/react/best-bs/src/components/doc/mapDiscountDlg.js
FNF:0
FNH:0
DA:3,1
DA:4,1
LF:2
LH:2
BRF:0
BRH:0
end_of_record
TN:
SF:/home/vasi/prog/js/react/best-bs/src/components/util/Menu.js
FN:13,(anonymous_0)
FN:18,(anonymous_1)
FN:19,(anonymous_2)
FN:28,(anonymous_3)
FNF:4
FNH:4
FNDA:3,(anonymous_0)
FNDA:3,(anonymous_1)
FNDA:6,(anonymous_2)
FNDA:3,(anonymous_3)
DA:14,3
DA:15,3
DA:19,3
DA:20,6
DA:29,3
DA:47,1
DA:52,1
LF:7
LH:7
BRF:0
BRH:0
end_of_record
TN:
SF:/home/vasi/prog/js/react/best-bs/src/components/util/MenuItem.js
FN:10,(anonymous_0)
FN:15,(anonymous_1)
FN:19,(anonymous_2)
FN:36,(anonymous_3)
FNF:4
FNH:3
FNDA:1,(anonymous_0)
FNDA:1,(anonymous_1)
FNDA:1,(anonymous_2)
FNDA:0,(anonymous_3)
DA:11,1
DA:12,1
DA:16,1
DA:20,1
DA:29,2
DA:34,2
LF:6
LH:6
BRF:0
BRH:0
end_of_record
TN:
SF:/home/vasi/prog/js/react/best-bs/src/reducers/appReducer.js
FN:12,appReducer
FNF:1
FNH:1
FNDA:4,appReducer
DA:3,1
DA:13,4
DA:16,1
DA:18,1
DA:20,1
DA:29,1
LF:6
LH:6
BRDA:12,0,0,1
BRDA:13,1,0,1
BRDA:13,1,1,1
BRDA:13,1,2,1
BRDA:13,1,3,1
BRF:5
BRH:5
end_of_record
TN:
SF:/home/vasi/prog/js/react/best-bs/src/reducers/docReducer.js
FN:13,docReducer
FN:37,(anonymous_1)
FNF:2
FNH:2
FNDA:4,docReducer
FNDA:1,(anonymous_1)
DA:3,1
DA:14,4
DA:17,1
DA:18,1
DA:19,0
DA:22,1
DA:23,1
DA:24,1
DA:28,1
DA:29,1
DA:30,1
DA:34,1
DA:35,1
DA:37,1
DA:38,1
DA:41,1
DA:42,1
DA:46,1
LF:18
LH:17
BRDA:13,0,0,1
BRDA:14,1,0,1
BRDA:14,1,1,1
BRDA:14,1,2,1
BRDA:14,1,3,1
BRDA:18,2,0,0
BRDA:18,2,1,1
BRDA:38,3,0,1
BRDA:38,3,1,1
BRF:9
BRH:8
end_of_record
TN:
SF:/home/vasi/prog/js/react/best-bs/src/reducers/modalReducer.js
FN:8,modal
FNF:1
FNH:1
FNDA:3,modal
DA:3,1
DA:9,3
DA:11,2
DA:15,0
DA:19,1
LF:5
LH:4
BRDA:8,0,0,1
BRDA:9,1,0,2
BRDA:9,1,1,0
BRDA:9,1,2,1
BRF:4
BRH:3
end_of_record
